2026-05-01 09:15:43,983 - INFO - ==================================================
2026-05-01 09:15:43,983 - INFO - 智能分层波动监控系统启动
2026-05-01 09:15:43,983 - INFO - ==================================================
2026-05-01 09:15:43,983 - INFO - 交易时间: 9:15-15:00
2026-05-01 09:15:43,983 - INFO - 监控指数: 上证指数, 深证成指, 创业板指, 科创50
2026-05-01 09:15:43,983 - INFO - 阈值配置: 正常<5% | 显著≥5% | 剧烈≥10%
2026-05-01 09:15:43,983 - INFO - ==================================================
2026-05-01 09:15:49,377 - ERROR - 获取指数数据失败: ('Connection aborted.', RemoteDisconnected('Remote end closed connection without response'))
2026-05-01 09:15:49,377 - WARNING - 未获取到指数数据
2026-05-01 09:30:54,775 - ERROR - 获取指数数据失败: ('Connection aborted.', RemoteDisconnected('Remote end closed connection without response'))
2026-05-01 09:30:54,775 - WARNING - 未获取到指数数据
2026-05-01 09:45:59,756 - ERROR - 获取指数数据失败: ('Connection aborted.', RemoteDisconnected('Remote end closed connection without response'))
2026-05-01 09:45:59,756 - WARNING - 未获取到指数数据
2026-05-01 10:01:05,104 - ERROR - 获取指数数据失败: ('Connection aborted.', RemoteDisconnected('Remote end closed connection without response'))
2026-05-01 10:01:05,104 - WARNING - 未获取到指数数据
2026-05-01 10:16:10,988 - ERROR - 获取指数数据失败: ('Connection aborted.', RemoteDisconnected('Remote end closed connection without response'))
2026-05-01 10:16:10,988 - WARNING - 未获取到指数数据
2026-05-01 10:31:16,098 - ERROR - 获取指数数据失败: ('Connection aborted.', RemoteDisconnected('Remote end closed connection without response'))
2026-05-01 10:31:16,098 - WARNING - 未获取到指数数据
2026-05-01 10:46:21,670 - ERROR - 获取指数数据失败: ('Connection aborted.', RemoteDisconnected('Remote end closed connection without response'))
2026-05-01 10:46:21,670 - WARNING - 未获取到指数数据
2026-05-01 11:01:26,928 - ERROR - 获取指数数据失败: ('Connection aborted.', RemoteDisconnected('Remote end closed connection without response'))
2026-05-01 11:01:26,928 - WARNING - 未获取到指数数据
2026-05-01 11:16:32,395 - ERROR - 获取指数数据失败: ('Connection aborted.', RemoteDisconnected('Remote end closed connection without response'))
2026-05-01 11:16:32,395 - WARNING - 未获取到指数数据
2026-05-01 11:31:38,570 - ERROR - 获取指数数据失败: ('Connection aborted.', RemoteDisconnected('Remote end closed connection without response'))
2026-05-01 11:31:38,570 - WARNING - 未获取到指数数据
2026-05-01 11:46:43,444 - ERROR - 获取指数数据失败: ('Connection aborted.', RemoteDisconnected('Remote end closed connection without response'))
2026-05-01 11:46:43,444 - WARNING - 未获取到指数数据
2026-05-01 12:01:48,623 - ERROR - 获取指数数据失败: ('Connection aborted.', RemoteDisconnected('Remote end closed connection without response'))
2026-05-01 12:01:48,623 - WARNING - 未获取到指数数据
2026-05-01 12:16:54,886 - ERROR - 获取指数数据失败: ('Connection aborted.', RemoteDisconnected('Remote end closed connection without response'))
2026-05-01 12:16:54,886 - WARNING - 未获取到指数数据
2026-05-01 12:32:00,917 - ERROR - 获取指数数据失败: ('Connection aborted.', RemoteDisconnected('Remote end closed connection without response'))
2026-05-01 12:32:00,917 - WARNING - 未获取到指数数据
2026-05-01 12:47:06,520 - ERROR - 获取指数数据失败: ('Connection aborted.', RemoteDisconnected('Remote end closed connection without response'))
2026-05-01 12:47:06,520 - WARNING - 未获取到指数数据
2026-05-01 13:02:11,270 - ERROR - 获取指数数据失败: ('Connection aborted.', RemoteDisconnected('Remote end closed connection without response'))
2026-05-01 13:02:11,270 - WARNING - 未获取到指数数据
2026-05-01 13:17:17,067 - ERROR - 获取指数数据失败: ('Connection aborted.', RemoteDisconnected('Remote end closed connection without response'))
2026-05-01 13:17:17,068 - WARNING - 未获取到指数数据
2026-05-01 13:32:21,678 - ERROR - 获取指数数据失败: ('Connection aborted.', RemoteDisconnected('Remote end closed connection without response'))
2026-05-01 13:32:21,678 - WARNING - 未获取到指数数据
2026-05-01 13:47:26,685 - ERROR - 获取指数数据失败: ('Connection aborted.', RemoteDisconnected('Remote end closed connection without response'))
2026-05-01 13:47:26,685 - WARNING - 未获取到指数数据
2026-05-01 14:02:31,794 - ERROR - 获取指数数据失败: ('Connection aborted.', RemoteDisconnected('Remote end closed connection without response'))
2026-05-01 14:02:31,794 - WARNING - 未获取到指数数据
2026-05-01 14:17:36,739 - ERROR - 获取指数数据失败: ('Connection aborted.', RemoteDisconnected('Remote end closed connection without response'))
2026-05-01 14:17:36,739 - WARNING - 未获取到指数数据
2026-05-01 14:32:42,989 - ERROR - 获取指数数据失败: ('Connection aborted.', RemoteDisconnected('Remote end closed connection without response'))
2026-05-01 14:32:42,989 - WARNING - 未获取到指数数据
2026-05-01 14:47:47,944 - ERROR - 获取指数数据失败: ('Connection aborted.', RemoteDisconnected('Remote end closed connection without response'))
2026-05-01 14:47:47,944 - WARNING - 未获取到指数数据
2026-05-01 15:02:47,944 - INFO - 非交易时段，每小时检查
2026-05-01 16:02:47,944 - INFO - 非交易时段，每小时检查
2026-05-01 17:02:47,945 - INFO - 非交易时段，每小时检查
2026-05-01 18:02:47,945 - INFO - 非交易时段，每小时检查
2026-05-01 19:02:47,945 - INFO - 非交易时段，每小时检查
2026-05-01 20:02:47,945 - INFO - 非交易时段，每小时检查
2026-05-01 21:02:47,946 - INFO - 非交易时段，每小时检查
2026-05-01 22:02:47,946 - INFO - 非交易时段，每小时检查
2026-05-01 23:02:47,946 - INFO - 非交易时段，每小时检查
2026-05-02 00:02:47,946 - INFO - 周末休市，监控暂停
2026-05-02 00:02:47,946 - INFO - 下次开市: 2026-05-04 09:15
2026-05-02 01:02:47,946 - INFO - 周末休市，监控暂停
2026-05-02 01:02:47,947 - INFO - 下次开市: 2026-05-04 09:15
2026-05-02 02:02:47,947 - INFO - 周末休市，监控暂停
2026-05-02 02:02:47,947 - INFO - 下次开市: 2026-05-04 09:15
2026-05-02 03:02:47,947 - INFO - 周末休市，监控暂停
2026-05-02 03:02:47,947 - INFO - 下次开市: 2026-05-04 09:15
2026-05-02 04:02:47,947 - INFO - 周末休市，监控暂停
2026-05-02 04:02:47,947 - INFO - 下次开市: 2026-05-04 09:15
2026-05-02 05:02:47,948 - INFO - 周末休市，监控暂停
2026-05-02 05:02:47,948 - INFO - 下次开市: 2026-05-04 09:15
2026-05-02 06:02:47,948 - INFO - 周末休市，监控暂停
2026-05-02 06:02:47,948 - INFO - 下次开市: 2026-05-04 09:15
2026-05-02 07:02:47,949 - INFO - 周末休市，监控暂停
2026-05-02 07:02:47,949 - INFO - 下次开市: 2026-05-04 09:15
2026-05-02 08:02:47,949 - INFO - 周末休市，监控暂停
2026-05-02 08:02:47,949 - INFO - 下次开市: 2026-05-04 09:15
2026-05-02 09:02:47,949 - INFO - 周末休市，监控暂停
2026-05-02 09:02:47,949 - INFO - 下次开市: 2026-05-04 09:15
2026-05-02 10:02:47,950 - INFO - 周末休市，监控暂停
2026-05-02 10:02:47,950 - INFO - 下次开市: 2026-05-04 09:15
2026-05-02 11:02:47,950 - INFO - 周末休市，监控暂停
2026-05-02 11:02:47,950 - INFO - 下次开市: 2026-05-04 09:15
2026-05-02 12:02:47,950 - INFO - 周末休市，监控暂停
2026-05-02 12:02:47,950 - INFO - 下次开市: 2026-05-04 09:15
2026-05-02 13:02:47,950 - INFO - 周末休市，监控暂停
2026-05-02 13:02:47,951 - INFO - 下次开市: 2026-05-04 09:15
2026-05-02 14:02:47,951 - INFO - 周末休市，监控暂停
2026-05-02 14:02:47,951 - INFO - 下次开市: 2026-05-04 09:15
2026-05-02 15:02:47,951 - INFO - 周末休市，监控暂停
2026-05-02 15:02:47,951 - INFO - 下次开市: 2026-05-04 09:15
2026-05-02 16:02:47,951 - INFO - 周末休市，监控暂停
2026-05-02 16:02:47,952 - INFO - 下次开市: 2026-05-04 09:15
2026-05-02 17:02:47,952 - INFO - 周末休市，监控暂停
2026-05-02 17:02:47,952 - INFO - 下次开市: 2026-05-04 09:15
2026-05-02 18:02:47,952 - INFO - 周末休市，监控暂停
2026-05-02 18:02:47,952 - INFO - 下次开市: 2026-05-04 09:15
2026-05-02 19:02:47,952 - INFO - 周末休市，监控暂停
2026-05-02 19:02:47,952 - INFO - 下次开市: 2026-05-04 09:15
2026-05-02 20:02:47,953 - INFO - 周末休市，监控暂停
2026-05-02 20:02:47,953 - INFO - 下次开市: 2026-05-04 09:15
2026-05-02 21:02:47,953 - INFO - 周末休市，监控暂停
2026-05-02 21:02:47,953 - INFO - 下次开市: 2026-05-04 09:15
2026-05-02 22:02:47,953 - INFO - 周末休市，监控暂停
2026-05-02 22:02:47,953 - INFO - 下次开市: 2026-05-04 09:15
2026-05-02 23:02:47,953 - INFO - 周末休市，监控暂停
2026-05-02 23:02:47,954 - INFO - 下次开市: 2026-05-04 09:15
2026-05-03 00:02:47,954 - INFO - 周末休市，监控暂停
2026-05-03 00:02:47,954 - INFO - 下次开市: 2026-05-04 09:15
2026-05-03 01:02:47,954 - INFO - 周末休市，监控暂停
2026-05-03 01:02:47,954 - INFO - 下次开市: 2026-05-04 09:15
2026-05-03 02:02:47,954 - INFO - 周末休市，监控暂停
2026-05-03 02:02:47,954 - INFO - 下次开市: 2026-05-04 09:15
2026-05-03 03:02:47,955 - INFO - 周末休市，监控暂停
2026-05-03 03:02:47,955 - INFO - 下次开市: 2026-05-04 09:15
2026-05-03 04:02:47,955 - INFO - 周末休市，监控暂停
2026-05-03 04:02:47,955 - INFO - 下次开市: 2026-05-04 09:15
2026-05-03 05:02:47,955 - INFO - 周末休市，监控暂停
2026-05-03 05:02:47,955 - INFO - 下次开市: 2026-05-04 09:15
2026-05-03 06:02:47,956 - INFO - 周末休市，监控暂停
2026-05-03 06:02:47,956 - INFO - 下次开市: 2026-05-04 09:15
2026-05-03 07:02:47,956 - INFO - 周末休市，监控暂停
2026-05-03 07:02:47,956 - INFO - 下次开市: 2026-05-04 09:15
2026-05-03 08:02:47,956 - INFO - 周末休市，监控暂停
2026-05-03 08:02:47,956 - INFO - 下次开市: 2026-05-04 09:15
2026-05-03 09:02:47,956 - INFO - 周末休市，监控暂停
2026-05-03 09:02:47,957 - INFO - 下次开市: 2026-05-04 09:15
2026-05-03 10:02:47,957 - INFO - 周末休市，监控暂停
2026-05-03 10:02:47,957 - INFO - 下次开市: 2026-05-04 09:15
2026-05-03 11:02:47,957 - INFO - 周末休市，监控暂停
2026-05-03 11:02:47,957 - INFO - 下次开市: 2026-05-04 09:15
2026-05-03 12:02:47,957 - INFO - 周末休市，监控暂停
2026-05-03 12:02:47,958 - INFO - 下次开市: 2026-05-04 09:15
2026-05-03 13:02:47,958 - INFO - 周末休市，监控暂停
2026-05-03 13:02:47,958 - INFO - 下次开市: 2026-05-04 09:15
2026-05-03 14:02:47,958 - INFO - 周末休市，监控暂停
2026-05-03 14:02:47,958 - INFO - 下次开市: 2026-05-04 09:15
2026-05-03 15:02:47,959 - INFO - 周末休市，监控暂停
2026-05-03 15:02:47,959 - INFO - 下次开市: 2026-05-04 09:15
2026-05-03 16:02:47,959 - INFO - 周末休市，监控暂停
2026-05-03 16:02:47,959 - INFO - 下次开市: 2026-05-04 09:15
2026-05-03 17:02:47,959 - INFO - 周末休市，监控暂停
2026-05-03 17:02:47,959 - INFO - 下次开市: 2026-05-04 09:15
2026-05-03 18:02:47,960 - INFO - 周末休市，监控暂停
2026-05-03 18:02:47,960 - INFO - 下次开市: 2026-05-04 09:15
2026-05-03 19:02:47,960 - INFO - 周末休市，监控暂停
2026-05-03 19:02:47,960 - INFO - 下次开市: 2026-05-04 09:15
2026-05-03 20:02:47,960 - INFO - 周末休市，监控暂停
2026-05-03 20:02:47,960 - INFO - 下次开市: 2026-05-04 09:15
2026-05-03 21:02:47,960 - INFO - 周末休市，监控暂停
2026-05-03 21:02:47,961 - INFO - 下次开市: 2026-05-04 09:15
2026-05-03 22:02:47,961 - INFO - 周末休市，监控暂停
2026-05-03 22:02:47,961 - INFO - 下次开市: 2026-05-04 09:15
2026-05-03 23:02:47,961 - INFO - 周末休市，监控暂停
2026-05-03 23:02:47,961 - INFO - 下次开市: 2026-05-04 09:15
2026-05-04 00:02:47,961 - INFO - 非交易时段，每小时检查
2026-05-04 01:02:47,962 - INFO - 非交易时段，每小时检查
2026-05-04 02:02:47,962 - INFO - 非交易时段，每小时检查
2026-05-04 03:02:47,962 - INFO - 非交易时段，每小时检查
2026-05-04 04:02:47,962 - INFO - 非交易时段，每小时检查
2026-05-04 05:02:47,962 - INFO - 非交易时段，每小时检查
2026-05-04 06:02:47,963 - INFO - 非交易时段，每小时检查
2026-05-04 07:02:47,963 - INFO - 非交易时段，每小时检查
2026-05-04 08:02:47,963 - INFO - 非交易时段，每小时检查
2026-05-04 09:02:47,963 - INFO - 非交易时段，每小时检查
2026-05-04 09:15:07,364 - INFO - ==================================================
2026-05-04 09:15:07,364 - INFO - 智能分层波动监控系统启动
2026-05-04 09:15:07,365 - INFO - ==================================================
2026-05-04 09:15:07,365 - INFO - 交易时间: 9:15-15:00
2026-05-04 09:15:07,365 - INFO - 监控指数: 上证指数, 深证成指, 创业板指, 科创50
2026-05-04 09:15:07,365 - INFO - 阈值配置: 正常<5% | 显著≥5% | 剧烈≥10%
2026-05-04 09:15:07,365 - INFO - ==================================================
2026-05-04 09:15:10,335 - INFO - 监控级别变化: calm -> elevated
2026-05-04 09:15:10,335 - INFO - 
🟠 市场波动警报 (09:15:10)

【波动级别】显著波动 (5.19%)
【触发指数】科创50

【指数行情】
🔺 上证指数: 4112.16 (+0.11%)
🔺 科创50: 1571.07 (+5.19%)

【当前监控频率】每5分钟
2026-05-04 09:20:13,541 - INFO - 
🟠 市场波动警报 (09:20:13)

【波动级别】显著波动 (5.19%)
【触发指数】科创50

【指数行情】
🔺 上证指数: 4112.16 (+0.11%)
🔺 科创50: 1571.07 (+5.19%)

【当前监控频率】每5分钟
2026-05-04 09:25:15,566 - INFO - 
🟠 市场波动警报 (09:25:15)

【波动级别】显著波动 (5.19%)
【触发指数】科创50

【指数行情】
🔺 上证指数: 4112.16 (+0.11%)
🔺 科创50: 1571.07 (+5.19%)

【当前监控频率】每5分钟
2026-05-04 09:30:17,931 - INFO - 
🟠 市场波动警报 (09:30:17)

【波动级别】显著波动 (5.19%)
【触发指数】科创50

【指数行情】
🔺 上证指数: 4112.16 (+0.11%)
🔺 科创50: 1571.07 (+5.19%)

【当前监控频率】每5分钟
2026-05-04 09:35:19,745 - INFO - 
🟠 市场波动警报 (09:35:19)

【波动级别】显著波动 (5.19%)
【触发指数】科创50

【指数行情】
🔺 上证指数: 4112.16 (+0.11%)
🔺 科创50: 1571.07 (+5.19%)

【当前监控频率】每5分钟
2026-05-04 09:40:22,383 - INFO - 
🟠 市场波动警报 (09:40:22)

【波动级别】显著波动 (5.19%)
【触发指数】科创50

【指数行情】
🔺 上证指数: 4112.16 (+0.11%)
🔺 科创50: 1571.07 (+5.19%)

【当前监控频率】每5分钟
2026-05-04 09:45:24,616 - INFO - 
🟠 市场波动警报 (09:45:24)

【波动级别】显著波动 (5.19%)
【触发指数】科创50

【指数行情】
🔺 上证指数: 4112.16 (+0.11%)
🔺 科创50: 1571.07 (+5.19%)

【当前监控频率】每5分钟
2026-05-04 09:50:27,307 - INFO - 
🟠 市场波动警报 (09:50:27)

【波动级别】显著波动 (5.19%)
【触发指数】科创50

【指数行情】
🔺 上证指数: 4112.16 (+0.11%)
🔺 科创50: 1571.07 (+5.19%)

【当前监控频率】每5分钟
2026-05-04 09:55:29,545 - INFO - 
🟠 市场波动警报 (09:55:29)

【波动级别】显著波动 (5.19%)
【触发指数】科创50

【指数行情】
🔺 上证指数: 4112.16 (+0.11%)
🔺 科创50: 1571.07 (+5.19%)

【当前监控频率】每5分钟
2026-05-04 10:00:31,909 - INFO - 
🟠 市场波动警报 (10:00:31)

【波动级别】显著波动 (5.19%)
【触发指数】科创50

【指数行情】
🔺 上证指数: 4112.16 (+0.11%)
🔺 科创50: 1571.07 (+5.19%)

【当前监控频率】每5分钟
2026-05-04 10:02:48,008 - ERROR - 获取指数数据失败: [Errno 32] Broken pipe
2026-05-04 10:02:48,009 - WARNING - 未获取到指数数据
2026-05-04 10:05:33,678 - INFO - 
🟠 市场波动警报 (10:05:33)

【波动级别】显著波动 (5.19%)
【触发指数】科创50

【指数行情】
🔺 上证指数: 4112.16 (+0.11%)
🔺 科创50: 1571.07 (+5.19%)

【当前监控频率】每5分钟
2026-05-04 10:10:36,048 - INFO - 
🟠 市场波动警报 (10:10:36)

【波动级别】显著波动 (5.19%)
【触发指数】科创50

【指数行情】
🔺 上证指数: 4112.16 (+0.11%)
🔺 科创50: 1571.07 (+5.19%)

【当前监控频率】每5分钟
2026-05-04 10:15:38,233 - INFO - 
🟠 市场波动警报 (10:15:38)

【波动级别】显著波动 (5.19%)
【触发指数】科创50

【指数行情】
🔺 上证指数: 4112.16 (+0.11%)
🔺 科创50: 1571.07 (+5.19%)

【当前监控频率】每5分钟
2026-05-04 10:17:48,245 - ERROR - 获取指数数据失败: [Errno 32] Broken pipe
2026-05-04 10:17:48,246 - WARNING - 未获取到指数数据
2026-05-04 10:20:40,777 - INFO - 
🟠 市场波动警报 (10:20:40)

【波动级别】显著波动 (5.19%)
【触发指数】科创50

【指数行情】
🔺 上证指数: 4112.16 (+0.11%)
🔺 科创50: 1571.07 (+5.19%)

【当前监控频率】每5分钟
2026-05-04 10:25:43,370 - INFO - 
🟠 市场波动警报 (10:25:43)

【波动级别】显著波动 (5.19%)
【触发指数】科创50

【指数行情】
🔺 上证指数: 4112.16 (+0.11%)
🔺 科创50: 1571.07 (+5.19%)

【当前监控频率】每5分钟
2026-05-04 10:30:46,070 - INFO - 
🟠 市场波动警报 (10:30:46)

【波动级别】显著波动 (5.19%)
【触发指数】科创50

【指数行情】
🔺 上证指数: 4112.16 (+0.11%)
🔺 科创50: 1571.07 (+5.19%)

【当前监控频率】每5分钟
2026-05-04 10:32:48,419 - ERROR - 获取指数数据失败: [Errno 32] Broken pipe
2026-05-04 10:32:48,419 - WARNING - 未获取到指数数据
2026-05-04 10:35:48,642 - INFO - 
🟠 市场波动警报 (10:35:48)

【波动级别】显著波动 (5.19%)
【触发指数】科创50

【指数行情】
🔺 上证指数: 4112.16 (+0.11%)
🔺 科创50: 1571.07 (+5.19%)

【当前监控频率】每5分钟
2026-05-04 10:40:50,831 - INFO - 
🟠 市场波动警报 (10:40:50)

【波动级别】显著波动 (5.19%)
【触发指数】科创50

【指数行情】
🔺 上证指数: 4112.16 (+0.11%)
🔺 科创50: 1571.07 (+5.19%)

【当前监控频率】每5分钟
2026-05-04 10:45:52,867 - INFO - 
🟠 市场波动警报 (10:45:52)

【波动级别】显著波动 (5.19%)
【触发指数】科创50

【指数行情】
🔺 上证指数: 4112.16 (+0.11%)
🔺 科创50: 1571.07 (+5.19%)

【当前监控频率】每5分钟
2026-05-04 10:47:48,595 - ERROR - 获取指数数据失败: [Errno 32] Broken pipe
2026-05-04 10:47:48,596 - WARNING - 未获取到指数数据
2026-05-04 10:50:55,318 - INFO - 
🟠 市场波动警报 (10:50:55)

【波动级别】显著波动 (5.19%)
【触发指数】科创50

【指数行情】
🔺 上证指数: 4112.16 (+0.11%)
🔺 科创50: 1571.07 (+5.19%)

【当前监控频率】每5分钟
2026-05-04 10:55:58,084 - INFO - 
🟠 市场波动警报 (10:55:58)

【波动级别】显著波动 (5.19%)
【触发指数】科创50

【指数行情】
🔺 上证指数: 4112.16 (+0.11%)
🔺 科创50: 1571.07 (+5.19%)

【当前监控频率】每5分钟
2026-05-04 11:01:00,483 - INFO - 
🟠 市场波动警报 (11:01:00)

【波动级别】显著波动 (5.19%)
【触发指数】科创50

【指数行情】
🔺 上证指数: 4112.16 (+0.11%)
🔺 科创50: 1571.07 (+5.19%)

【当前监控频率】每5分钟
2026-05-04 11:02:48,652 - ERROR - 获取指数数据失败: [Errno 32] Broken pipe
2026-05-04 11:02:48,653 - WARNING - 未获取到指数数据
2026-05-04 11:06:03,593 - INFO - 
🟠 市场波动警报 (11:06:03)

【波动级别】显著波动 (5.19%)
【触发指数】科创50

【指数行情】
🔺 上证指数: 4112.16 (+0.11%)
🔺 科创50: 1571.07 (+5.19%)

【当前监控频率】每5分钟
2026-05-04 11:11:05,418 - INFO - 
🟠 市场波动警报 (11:11:05)

【波动级别】显著波动 (5.19%)
【触发指数】科创50

【指数行情】
🔺 上证指数: 4112.16 (+0.11%)
🔺 科创50: 1571.07 (+5.19%)

【当前监控频率】每5分钟
2026-05-04 11:16:07,194 - INFO - 
🟠 市场波动警报 (11:16:07)

【波动级别】显著波动 (5.19%)
【触发指数】科创50

【指数行情】
🔺 上证指数: 4112.16 (+0.11%)
🔺 科创50: 1571.07 (+5.19%)

【当前监控频率】每5分钟
2026-05-04 11:17:48,698 - ERROR - 获取指数数据失败: [Errno 32] Broken pipe
2026-05-04 11:17:48,699 - WARNING - 未获取到指数数据
2026-05-04 11:21:09,567 - INFO - 
🟠 市场波动警报 (11:21:09)

【波动级别】显著波动 (5.19%)
【触发指数】科创50

【指数行情】
🔺 上证指数: 4112.16 (+0.11%)
🔺 科创50: 1571.07 (+5.19%)

【当前监控频率】每5分钟
2026-05-04 11:26:12,034 - INFO - 
🟠 市场波动警报 (11:26:12)

【波动级别】显著波动 (5.19%)
【触发指数】科创50

【指数行情】
🔺 上证指数: 4112.16 (+0.11%)
🔺 科创50: 1571.07 (+5.19%)

【当前监控频率】每5分钟
2026-05-04 11:31:14,062 - INFO - 
🟠 市场波动警报 (11:31:14)

【波动级别】显著波动 (5.19%)
【触发指数】科创50

【指数行情】
🔺 上证指数: 4112.16 (+0.11%)
🔺 科创50: 1571.07 (+5.19%)

【当前监控频率】每5分钟
2026-05-04 11:32:48,742 - ERROR - 获取指数数据失败: [Errno 32] Broken pipe
2026-05-04 11:32:48,743 - WARNING - 未获取到指数数据
2026-05-04 11:36:16,743 - INFO - 
🟠 市场波动警报 (11:36:16)

【波动级别】显著波动 (5.19%)
【触发指数】科创50

【指数行情】
🔺 上证指数: 4112.16 (+0.11%)
🔺 科创50: 1571.07 (+5.19%)

【当前监控频率】每5分钟
2026-05-04 11:41:19,594 - INFO - 
🟠 市场波动警报 (11:41:19)

【波动级别】显著波动 (5.19%)
【触发指数】科创50

【指数行情】
🔺 上证指数: 4112.16 (+0.11%)
🔺 科创50: 1571.07 (+5.19%)

【当前监控频率】每5分钟
2026-05-04 11:46:22,162 - INFO - 
🟠 市场波动警报 (11:46:22)

【波动级别】显著波动 (5.19%)
【触发指数】科创50

【指数行情】
🔺 上证指数: 4112.16 (+0.11%)
🔺 科创50: 1571.07 (+5.19%)

【当前监控频率】每5分钟
2026-05-04 11:47:48,801 - ERROR - 获取指数数据失败: [Errno 32] Broken pipe
2026-05-04 11:47:48,802 - WARNING - 未获取到指数数据
2026-05-04 11:51:24,543 - INFO - 
🟠 市场波动警报 (11:51:24)

【波动级别】显著波动 (5.19%)
【触发指数】科创50

【指数行情】
🔺 上证指数: 4112.16 (+0.11%)
🔺 科创50: 1571.07 (+5.19%)

【当前监控频率】每5分钟
2026-05-04 11:56:26,903 - INFO - 
🟠 市场波动警报 (11:56:26)

【波动级别】显著波动 (5.19%)
【触发指数】科创50

【指数行情】
🔺 上证指数: 4112.16 (+0.11%)
🔺 科创50: 1571.07 (+5.19%)

【当前监控频率】每5分钟
2026-05-04 12:01:29,531 - INFO - 
🟠 市场波动警报 (12:01:29)

【波动级别】显著波动 (5.19%)
【触发指数】科创50

【指数行情】
🔺 上证指数: 4112.16 (+0.11%)
🔺 科创50: 1571.07 (+5.19%)

【当前监控频率】每5分钟
2026-05-04 12:02:48,857 - ERROR - 获取指数数据失败: [Errno 32] Broken pipe
2026-05-04 12:02:48,858 - WARNING - 未获取到指数数据
2026-05-04 12:06:31,430 - INFO - 
🟠 市场波动警报 (12:06:31)

【波动级别】显著波动 (5.19%)
【触发指数】科创50

【指数行情】
🔺 上证指数: 4112.16 (+0.11%)
🔺 科创50: 1571.07 (+5.19%)

【当前监控频率】每5分钟
2026-05-04 12:11:34,298 - INFO - 
🟠 市场波动警报 (12:11:34)

【波动级别】显著波动 (5.19%)
【触发指数】科创50

【指数行情】
🔺 上证指数: 4112.16 (+0.11%)
🔺 科创50: 1571.07 (+5.19%)

【当前监控频率】每5分钟
2026-05-04 12:16:36,476 - INFO - 
🟠 市场波动警报 (12:16:36)

【波动级别】显著波动 (5.19%)
【触发指数】科创50

【指数行情】
🔺 上证指数: 4112.16 (+0.11%)
🔺 科创50: 1571.07 (+5.19%)

【当前监控频率】每5分钟
2026-05-04 12:17:48,902 - ERROR - 获取指数数据失败: [Errno 32] Broken pipe
2026-05-04 12:17:48,903 - WARNING - 未获取到指数数据
2026-05-04 12:21:39,124 - INFO - 
🟠 市场波动警报 (12:21:39)

【波动级别】显著波动 (5.19%)
【触发指数】科创50

【指数行情】
🔺 上证指数: 4112.16 (+0.11%)
🔺 科创50: 1571.07 (+5.19%)

【当前监控频率】每5分钟
2026-05-04 12:26:41,749 - INFO - 
🟠 市场波动警报 (12:26:41)

【波动级别】显著波动 (5.19%)
【触发指数】科创50

【指数行情】
🔺 上证指数: 4112.16 (+0.11%)
🔺 科创50: 1571.07 (+5.19%)

【当前监控频率】每5分钟
2026-05-04 12:31:43,402 - INFO - 
🟠 市场波动警报 (12:31:43)

【波动级别】显著波动 (5.19%)
【触发指数】科创50

【指数行情】
🔺 上证指数: 4112.16 (+0.11%)
🔺 科创50: 1571.07 (+5.19%)

【当前监控频率】每5分钟
2026-05-04 12:32:48,955 - ERROR - 获取指数数据失败: [Errno 32] Broken pipe
2026-05-04 12:32:48,956 - WARNING - 未获取到指数数据
2026-05-04 12:36:44,969 - INFO - 
🟠 市场波动警报 (12:36:44)

【波动级别】显著波动 (5.19%)
【触发指数】科创50

【指数行情】
🔺 上证指数: 4112.16 (+0.11%)
🔺 科创50: 1571.07 (+5.19%)

【当前监控频率】每5分钟
2026-05-04 12:41:47,370 - INFO - 
🟠 市场波动警报 (12:41:47)

【波动级别】显著波动 (5.19%)
【触发指数】科创50

【指数行情】
🔺 上证指数: 4112.16 (+0.11%)
🔺 科创50: 1571.07 (+5.19%)

【当前监控频率】每5分钟
2026-05-04 12:46:48,699 - INFO - 
🟠 市场波动警报 (12:46:48)

【波动级别】显著波动 (5.19%)
【触发指数】科创50

【指数行情】
🔺 上证指数: 4112.16 (+0.11%)
🔺 科创50: 1571.07 (+5.19%)

【当前监控频率】每5分钟
2026-05-04 12:47:49,012 - ERROR - 获取指数数据失败: [Errno 32] Broken pipe
2026-05-04 12:47:49,013 - WARNING - 未获取到指数数据
2026-05-04 12:51:51,791 - INFO - 
🟠 市场波动警报 (12:51:51)

【波动级别】显著波动 (5.19%)
【触发指数】科创50

【指数行情】
🔺 上证指数: 4112.16 (+0.11%)
🔺 科创50: 1571.07 (+5.19%)

【当前监控频率】每5分钟
2026-05-04 12:56:53,758 - INFO - 
🟠 市场波动警报 (12:56:53)

【波动级别】显著波动 (5.19%)
【触发指数】科创50

【指数行情】
🔺 上证指数: 4112.16 (+0.11%)
🔺 科创50: 1571.07 (+5.19%)

【当前监控频率】每5分钟
2026-05-04 13:01:56,176 - INFO - 
🟠 市场波动警报 (13:01:56)

【波动级别】显著波动 (5.19%)
【触发指数】科创50

【指数行情】
🔺 上证指数: 4112.16 (+0.11%)
🔺 科创50: 1571.07 (+5.19%)

【当前监控频率】每5分钟
2026-05-04 13:02:49,205 - ERROR - 获取指数数据失败: [Errno 32] Broken pipe
2026-05-04 13:02:49,206 - WARNING - 未获取到指数数据
2026-05-04 13:06:58,380 - INFO - 
🟠 市场波动警报 (13:06:58)

【波动级别】显著波动 (5.19%)
【触发指数】科创50

【指数行情】
🔺 上证指数: 4112.16 (+0.11%)
🔺 科创50: 1571.07 (+5.19%)

【当前监控频率】每5分钟
2026-05-04 13:12:00,893 - INFO - 
🟠 市场波动警报 (13:12:00)

【波动级别】显著波动 (5.19%)
【触发指数】科创50

【指数行情】
🔺 上证指数: 4112.16 (+0.11%)
🔺 科创50: 1571.07 (+5.19%)

【当前监控频率】每5分钟
2026-05-04 13:17:03,125 - INFO - 
🟠 市场波动警报 (13:17:03)

【波动级别】显著波动 (5.19%)
【触发指数】科创50

【指数行情】
🔺 上证指数: 4112.16 (+0.11%)
🔺 科创50: 1571.07 (+5.19%)

【当前监控频率】每5分钟
2026-05-04 13:17:49,407 - ERROR - 获取指数数据失败: [Errno 32] Broken pipe
2026-05-04 13:17:49,407 - WARNING - 未获取到指数数据
2026-05-04 13:22:05,514 - INFO - 
🟠 市场波动警报 (13:22:05)

【波动级别】显著波动 (5.19%)
【触发指数】科创50

【指数行情】
🔺 上证指数: 4112.16 (+0.11%)
🔺 科创50: 1571.07 (+5.19%)

【当前监控频率】每5分钟
2026-05-04 13:27:07,580 - INFO - 
🟠 市场波动警报 (13:27:07)

【波动级别】显著波动 (5.19%)
【触发指数】科创50

【指数行情】
🔺 上证指数: 4112.16 (+0.11%)
🔺 科创50: 1571.07 (+5.19%)

【当前监控频率】每5分钟
2026-05-04 13:32:10,331 - INFO - 
🟠 市场波动警报 (13:32:10)

【波动级别】显著波动 (5.19%)
【触发指数】科创50

【指数行情】
🔺 上证指数: 4112.16 (+0.11%)
🔺 科创50: 1571.07 (+5.19%)

【当前监控频率】每5分钟
2026-05-04 13:32:49,454 - ERROR - 获取指数数据失败: [Errno 32] Broken pipe
2026-05-04 13:32:49,455 - WARNING - 未获取到指数数据
2026-05-04 13:37:11,903 - INFO - 
🟠 市场波动警报 (13:37:11)

【波动级别】显著波动 (5.19%)
【触发指数】科创50

【指数行情】
🔺 上证指数: 4112.16 (+0.11%)
🔺 科创50: 1571.07 (+5.19%)

【当前监控频率】每5分钟
2026-05-04 13:42:14,629 - INFO - 
🟠 市场波动警报 (13:42:14)

【波动级别】显著波动 (5.19%)
【触发指数】科创50

【指数行情】
🔺 上证指数: 4112.16 (+0.11%)
🔺 科创50: 1571.07 (+5.19%)

【当前监控频率】每5分钟
2026-05-04 13:47:17,354 - INFO - 
🟠 市场波动警报 (13:47:17)

【波动级别】显著波动 (5.19%)
【触发指数】科创50

【指数行情】
🔺 上证指数: 4112.16 (+0.11%)
🔺 科创50: 1571.07 (+5.19%)

【当前监控频率】每5分钟
2026-05-04 13:47:49,599 - ERROR - 获取指数数据失败: [Errno 32] Broken pipe
2026-05-04 13:47:49,600 - WARNING - 未获取到指数数据
2026-05-04 13:52:20,205 - INFO - 
🟠 市场波动警报 (13:52:20)

【波动级别】显著波动 (5.19%)
【触发指数】科创50

【指数行情】
🔺 上证指数: 4112.16 (+0.11%)
🔺 科创50: 1571.07 (+5.19%)

【当前监控频率】每5分钟
2026-05-04 13:57:22,625 - INFO - 
🟠 市场波动警报 (13:57:22)

【波动级别】显著波动 (5.19%)
【触发指数】科创50

【指数行情】
🔺 上证指数: 4112.16 (+0.11%)
🔺 科创50: 1571.07 (+5.19%)

【当前监控频率】每5分钟
2026-05-04 14:02:25,136 - INFO - 
🟠 市场波动警报 (14:02:25)

【波动级别】显著波动 (5.19%)
【触发指数】科创50

【指数行情】
🔺 上证指数: 4112.16 (+0.11%)
🔺 科创50: 1571.07 (+5.19%)

【当前监控频率】每5分钟
2026-05-04 14:02:49,828 - ERROR - 获取指数数据失败: [Errno 32] Broken pipe
2026-05-04 14:02:49,829 - WARNING - 未获取到指数数据
2026-05-04 14:07:26,878 - INFO - 
🟠 市场波动警报 (14:07:26)

【波动级别】显著波动 (5.19%)
【触发指数】科创50

【指数行情】
🔺 上证指数: 4112.16 (+0.11%)
🔺 科创50: 1571.07 (+5.19%)

【当前监控频率】每5分钟
2026-05-04 14:12:29,114 - INFO - 
🟠 市场波动警报 (14:12:29)

【波动级别】显著波动 (5.19%)
【触发指数】科创50

【指数行情】
🔺 上证指数: 4112.16 (+0.11%)
🔺 科创50: 1571.07 (+5.19%)

【当前监控频率】每5分钟
2026-05-04 14:17:31,194 - INFO - 
🟠 市场波动警报 (14:17:31)

【波动级别】显著波动 (5.19%)
【触发指数】科创50

【指数行情】
🔺 上证指数: 4112.16 (+0.11%)
🔺 科创50: 1571.07 (+5.19%)

【当前监控频率】每5分钟
2026-05-04 14:17:49,876 - ERROR - 获取指数数据失败: [Errno 32] Broken pipe
2026-05-04 14:17:49,877 - WARNING - 未获取到指数数据
2026-05-04 14:22:33,955 - INFO - 
🟠 市场波动警报 (14:22:33)

【波动级别】显著波动 (5.19%)
【触发指数】科创50

【指数行情】
🔺 上证指数: 4112.16 (+0.11%)
🔺 科创50: 1571.07 (+5.19%)

【当前监控频率】每5分钟
2026-05-04 14:27:36,563 - INFO - 
🟠 市场波动警报 (14:27:36)

【波动级别】显著波动 (5.19%)
【触发指数】科创50

【指数行情】
🔺 上证指数: 4112.16 (+0.11%)
🔺 科创50: 1571.07 (+5.19%)

【当前监控频率】每5分钟
2026-05-04 14:32:38,793 - INFO - 
🟠 市场波动警报 (14:32:38)

【波动级别】显著波动 (5.19%)
【触发指数】科创50

【指数行情】
🔺 上证指数: 4112.16 (+0.11%)
🔺 科创50: 1571.07 (+5.19%)

【当前监控频率】每5分钟
2026-05-04 14:32:49,920 - ERROR - 获取指数数据失败: [Errno 32] Broken pipe
2026-05-04 14:32:49,921 - WARNING - 未获取到指数数据
2026-05-04 14:37:40,406 - INFO - 
🟠 市场波动警报 (14:37:40)

【波动级别】显著波动 (5.19%)
【触发指数】科创50

【指数行情】
🔺 上证指数: 4112.16 (+0.11%)
🔺 科创50: 1571.07 (+5.19%)

【当前监控频率】每5分钟
2026-05-04 14:42:40,460 - ERROR - 获取指数数据失败: [Errno 32] Broken pipe
2026-05-04 14:42:40,462 - WARNING - 未获取到指数数据
2026-05-04 14:47:50,124 - ERROR - 获取指数数据失败: [Errno 32] Broken pipe
2026-05-04 14:47:50,125 - WARNING - 未获取到指数数据
2026-05-04 14:57:40,692 - ERROR - 获取指数数据失败: [Errno 32] Broken pipe
2026-05-04 14:57:40,694 - WARNING - 未获取到指数数据
2026-05-04 15:02:50,126 - INFO - 非交易时段，每小时检查
2026-05-04 15:12:40,695 - INFO - 非交易时段，每小时检查
2026-05-04 16:02:50,126 - INFO - 非交易时段，每小时检查
2026-05-04 16:12:40,695 - INFO - 非交易时段，每小时检查
2026-05-04 17:02:50,126 - INFO - 非交易时段，每小时检查
2026-05-04 17:12:40,695 - INFO - 非交易时段，每小时检查
2026-05-04 18:02:50,127 - INFO - 非交易时段，每小时检查
2026-05-04 18:12:40,695 - INFO - 非交易时段，每小时检查
2026-05-04 19:02:50,127 - INFO - 非交易时段，每小时检查
2026-05-04 19:12:40,696 - INFO - 非交易时段，每小时检查
2026-05-04 20:02:50,127 - INFO - 非交易时段，每小时检查
2026-05-04 20:12:40,696 - INFO - 非交易时段，每小时检查
2026-05-04 21:02:50,127 - INFO - 非交易时段，每小时检查
2026-05-04 21:12:40,696 - INFO - 非交易时段，每小时检查
2026-05-04 22:02:50,127 - INFO - 非交易时段，每小时检查
2026-05-04 22:12:40,696 - INFO - 非交易时段，每小时检查
2026-05-04 23:02:50,128 - INFO - 非交易时段，每小时检查
2026-05-04 23:12:40,696 - INFO - 非交易时段，每小时检查
2026-05-05 00:02:50,128 - INFO - 非交易时段，每小时检查
2026-05-05 00:12:40,697 - INFO - 非交易时段，每小时检查
2026-05-05 01:02:50,128 - INFO - 非交易时段，每小时检查
2026-05-05 01:12:40,697 - INFO - 非交易时段，每小时检查
2026-05-05 02:02:50,128 - INFO - 非交易时段，每小时检查
2026-05-05 02:12:40,697 - INFO - 非交易时段，每小时检查
2026-05-05 03:02:50,129 - INFO - 非交易时段，每小时检查
2026-05-05 03:12:40,697 - INFO - 非交易时段，每小时检查
2026-05-05 04:02:50,129 - INFO - 非交易时段，每小时检查
2026-05-05 04:12:40,698 - INFO - 非交易时段，每小时检查
2026-05-05 05:02:50,129 - INFO - 非交易时段，每小时检查
2026-05-05 05:12:40,698 - INFO - 非交易时段，每小时检查
2026-05-05 06:02:50,129 - INFO - 非交易时段，每小时检查
2026-05-05 06:12:40,698 - INFO - 非交易时段，每小时检查
2026-05-05 07:02:50,130 - INFO - 非交易时段，每小时检查
2026-05-05 07:12:40,698 - INFO - 非交易时段，每小时检查
2026-05-05 08:02:50,130 - INFO - 非交易时段，每小时检查
2026-05-05 08:12:40,698 - INFO - 非交易时段，每小时检查
2026-05-05 09:02:50,130 - INFO - 非交易时段，每小时检查
2026-05-05 09:12:40,699 - INFO - 非交易时段，每小时检查
2026-05-05 09:15:06,216 - INFO - ==================================================
2026-05-05 09:15:06,216 - INFO - 智能分层波动监控系统启动
2026-05-05 09:15:06,216 - INFO - ==================================================
2026-05-05 09:15:06,216 - INFO - 交易时间: 9:15-15:00
2026-05-05 09:15:06,216 - INFO - 监控指数: 上证指数, 深证成指, 创业板指, 科创50
2026-05-05 09:15:06,216 - INFO - 阈值配置: 正常<5% | 显著≥5% | 剧烈≥10%
2026-05-05 09:15:06,216 - INFO - ==================================================
2026-05-05 09:15:07,813 - INFO - 监控级别变化: calm -> elevated
2026-05-05 09:15:07,813 - INFO - 
🟠 市场波动警报 (09:15:07)

【波动级别】显著波动 (5.19%)
【触发指数】科创50

【指数行情】
🔺 上证指数: 4112.16 (+0.11%)
🔺 科创50: 1571.07 (+5.19%)

【当前监控频率】每5分钟
2026-05-05 09:20:10,767 - INFO - 
🟠 市场波动警报 (09:20:10)

【波动级别】显著波动 (5.19%)
【触发指数】科创50

【指数行情】
🔺 上证指数: 4112.16 (+0.11%)
🔺 科创50: 1571.07 (+5.19%)

【当前监控频率】每5分钟
2026-05-05 09:25:12,709 - INFO - 
🟠 市场波动警报 (09:25:12)

【波动级别】显著波动 (5.19%)
【触发指数】科创50

【指数行情】
🔺 上证指数: 4112.16 (+0.11%)
🔺 科创50: 1571.07 (+5.19%)

【当前监控频率】每5分钟
2026-05-05 09:30:15,437 - INFO - 
🟠 市场波动警报 (09:30:15)

【波动级别】显著波动 (5.19%)
【触发指数】科创50

【指数行情】
🔺 上证指数: 4112.16 (+0.11%)
🔺 科创50: 1571.07 (+5.19%)

【当前监控频率】每5分钟
2026-05-05 09:35:17,358 - INFO - 
🟠 市场波动警报 (09:35:17)

【波动级别】显著波动 (5.19%)
【触发指数】科创50

【指数行情】
🔺 上证指数: 4112.16 (+0.11%)
🔺 科创50: 1571.07 (+5.19%)

【当前监控频率】每5分钟
2026-05-05 09:40:20,102 - INFO - 
🟠 市场波动警报 (09:40:20)

【波动级别】显著波动 (5.19%)
【触发指数】科创50

【指数行情】
🔺 上证指数: 4112.16 (+0.11%)
🔺 科创50: 1571.07 (+5.19%)

【当前监控频率】每5分钟
2026-05-05 09:45:22,425 - INFO - 
🟠 市场波动警报 (09:45:22)

【波动级别】显著波动 (5.19%)
【触发指数】科创50

【指数行情】
🔺 上证指数: 4112.16 (+0.11%)
🔺 科创50: 1571.07 (+5.19%)

【当前监控频率】每5分钟
2026-05-05 09:50:25,461 - INFO - 
🟠 市场波动警报 (09:50:25)

【波动级别】显著波动 (5.19%)
【触发指数】科创50

【指数行情】
🔺 上证指数: 4112.16 (+0.11%)
🔺 科创50: 1571.07 (+5.19%)

【当前监控频率】每5分钟
2026-05-05 09:55:27,475 - INFO - 
🟠 市场波动警报 (09:55:27)

【波动级别】显著波动 (5.19%)
【触发指数】科创50

【指数行情】
🔺 上证指数: 4112.16 (+0.11%)
🔺 科创50: 1571.07 (+5.19%)

【当前监控频率】每5分钟
2026-05-05 10:00:29,861 - INFO - 
🟠 市场波动警报 (10:00:29)

【波动级别】显著波动 (5.19%)
【触发指数】科创50

【指数行情】
🔺 上证指数: 4112.16 (+0.11%)
🔺 科创50: 1571.07 (+5.19%)

【当前监控频率】每5分钟
2026-05-05 10:02:50,360 - ERROR - 获取指数数据失败: [Errno 32] Broken pipe
2026-05-05 10:02:50,361 - WARNING - 未获取到指数数据
2026-05-05 10:05:31,707 - INFO - 
🟠 市场波动警报 (10:05:31)

【波动级别】显著波动 (5.19%)
【触发指数】科创50

【指数行情】
🔺 上证指数: 4112.16 (+0.11%)
🔺 科创50: 1571.07 (+5.19%)

【当前监控频率】每5分钟
2026-05-05 10:10:33,955 - INFO - 
🟠 市场波动警报 (10:10:33)

【波动级别】显著波动 (5.19%)
【触发指数】科创50

【指数行情】
🔺 上证指数: 4112.16 (+0.11%)
🔺 科创50: 1571.07 (+5.19%)

【当前监控频率】每5分钟
2026-05-05 10:12:40,743 - ERROR - 获取指数数据失败: [Errno 32] Broken pipe
2026-05-05 10:12:40,744 - WARNING - 未获取到指数数据
2026-05-05 10:15:36,125 - INFO - 
🟠 市场波动警报 (10:15:36)

【波动级别】显著波动 (5.19%)
【触发指数】科创50

【指数行情】
🔺 上证指数: 4112.16 (+0.11%)
🔺 科创50: 1571.07 (+5.19%)

【当前监控频率】每5分钟
2026-05-05 10:17:50,406 - ERROR - 获取指数数据失败: [Errno 32] Broken pipe
2026-05-05 10:17:50,407 - WARNING - 未获取到指数数据
2026-05-05 10:20:37,998 - INFO - 
🟠 市场波动警报 (10:20:37)

【波动级别】显著波动 (5.19%)
【触发指数】科创50

【指数行情】
🔺 上证指数: 4112.16 (+0.11%)
🔺 科创50: 1571.07 (+5.19%)

【当前监控频率】每5分钟
2026-05-05 10:25:40,289 - INFO - 
🟠 市场波动警报 (10:25:40)

【波动级别】显著波动 (5.19%)
【触发指数】科创50

【指数行情】
🔺 上证指数: 4112.16 (+0.11%)
🔺 科创50: 1571.07 (+5.19%)

【当前监控频率】每5分钟
2026-05-05 10:27:40,787 - ERROR - 获取指数数据失败: [Errno 32] Broken pipe
2026-05-05 10:27:40,788 - WARNING - 未获取到指数数据
2026-05-05 10:30:42,591 - INFO - 
🟠 市场波动警报 (10:30:42)

【波动级别】显著波动 (5.19%)
【触发指数】科创50

【指数行情】
🔺 上证指数: 4112.16 (+0.11%)
🔺 科创50: 1571.07 (+5.19%)

【当前监控频率】每5分钟
2026-05-05 10:32:50,454 - ERROR - 获取指数数据失败: [Errno 32] Broken pipe
2026-05-05 10:32:50,455 - WARNING - 未获取到指数数据
2026-05-05 10:35:44,796 - INFO - 
🟠 市场波动警报 (10:35:44)

【波动级别】显著波动 (5.19%)
【触发指数】科创50

【指数行情】
🔺 上证指数: 4112.16 (+0.11%)
🔺 科创50: 1571.07 (+5.19%)

【当前监控频率】每5分钟
2026-05-05 10:40:47,802 - INFO - 
🟠 市场波动警报 (10:40:47)

【波动级别】显著波动 (5.19%)
【触发指数】科创50

【指数行情】
🔺 上证指数: 4112.16 (+0.11%)
🔺 科创50: 1571.07 (+5.19%)

【当前监控频率】每5分钟
2026-05-05 10:42:40,833 - ERROR - 获取指数数据失败: [Errno 32] Broken pipe
2026-05-05 10:42:40,834 - WARNING - 未获取到指数数据
2026-05-05 10:45:49,720 - INFO - 
🟠 市场波动警报 (10:45:49)

【波动级别】显著波动 (5.19%)
【触发指数】科创50

【指数行情】
🔺 上证指数: 4112.16 (+0.11%)
🔺 科创50: 1571.07 (+5.19%)

【当前监控频率】每5分钟
2026-05-05 10:47:50,498 - ERROR - 获取指数数据失败: [Errno 32] Broken pipe
2026-05-05 10:47:50,499 - WARNING - 未获取到指数数据
2026-05-05 10:50:52,338 - INFO - 
🟠 市场波动警报 (10:50:52)

【波动级别】显著波动 (5.19%)
【触发指数】科创50

【指数行情】
🔺 上证指数: 4112.16 (+0.11%)
🔺 科创50: 1571.07 (+5.19%)

【当前监控频率】每5分钟
2026-05-05 10:55:54,561 - INFO - 
🟠 市场波动警报 (10:55:54)

【波动级别】显著波动 (5.19%)
【触发指数】科创50

【指数行情】
🔺 上证指数: 4112.16 (+0.11%)
🔺 科创50: 1571.07 (+5.19%)

【当前监控频率】每5分钟
2026-05-05 10:57:41,039 - ERROR - 获取指数数据失败: [Errno 32] Broken pipe
2026-05-05 10:57:41,040 - WARNING - 未获取到指数数据
2026-05-05 11:00:56,619 - INFO - 
🟠 市场波动警报 (11:00:56)

【波动级别】显著波动 (5.19%)
【触发指数】科创50

【指数行情】
🔺 上证指数: 4112.16 (+0.11%)
🔺 科创50: 1571.07 (+5.19%)

【当前监控频率】每5分钟
2026-05-05 11:02:50,695 - ERROR - 获取指数数据失败: [Errno 32] Broken pipe
2026-05-05 11:02:50,696 - WARNING - 未获取到指数数据
2026-05-05 11:05:59,299 - INFO - 
🟠 市场波动警报 (11:05:59)

【波动级别】显著波动 (5.19%)
【触发指数】科创50

【指数行情】
🔺 上证指数: 4112.16 (+0.11%)
🔺 科创50: 1571.07 (+5.19%)

【当前监控频率】每5分钟
2026-05-05 11:11:01,510 - INFO - 
🟠 市场波动警报 (11:11:01)

【波动级别】显著波动 (5.19%)
【触发指数】科创50

【指数行情】
🔺 上证指数: 4112.16 (+0.11%)
🔺 科创50: 1571.07 (+5.19%)

【当前监控频率】每5分钟
2026-05-05 11:12:41,103 - ERROR - 获取指数数据失败: [Errno 32] Broken pipe
2026-05-05 11:12:41,104 - WARNING - 未获取到指数数据
2026-05-05 11:16:04,377 - INFO - 
🟠 市场波动警报 (11:16:04)

【波动级别】显著波动 (5.19%)
【触发指数】科创50

【指数行情】
🔺 上证指数: 4112.16 (+0.11%)
🔺 科创50: 1571.07 (+5.19%)

【当前监控频率】每5分钟
2026-05-05 11:17:50,832 - ERROR - 获取指数数据失败: [Errno 32] Broken pipe
2026-05-05 11:17:50,833 - WARNING - 未获取到指数数据
2026-05-05 11:21:06,563 - INFO - 
🟠 市场波动警报 (11:21:06)

【波动级别】显著波动 (5.19%)
【触发指数】科创50

【指数行情】
🔺 上证指数: 4112.16 (+0.11%)
🔺 科创50: 1571.07 (+5.19%)

【当前监控频率】每5分钟
2026-05-05 11:26:08,874 - INFO - 
🟠 市场波动警报 (11:26:08)

【波动级别】显著波动 (5.19%)
【触发指数】科创50

【指数行情】
🔺 上证指数: 4112.16 (+0.11%)
🔺 科创50: 1571.07 (+5.19%)

【当前监控频率】每5分钟
2026-05-05 11:27:41,235 - ERROR - 获取指数数据失败: [Errno 32] Broken pipe
2026-05-05 11:27:41,236 - WARNING - 未获取到指数数据
2026-05-05 11:31:10,568 - INFO - 
🟠 市场波动警报 (11:31:10)

【波动级别】显著波动 (5.19%)
【触发指数】科创50

【指数行情】
🔺 上证指数: 4112.16 (+0.11%)
🔺 科创50: 1571.07 (+5.19%)

【当前监控频率】每5分钟
2026-05-05 11:32:50,875 - ERROR - 获取指数数据失败: [Errno 32] Broken pipe
2026-05-05 11:32:50,876 - WARNING - 未获取到指数数据
2026-05-05 11:36:13,439 - INFO - 
🟠 市场波动警报 (11:36:13)

【波动级别】显著波动 (5.19%)
【触发指数】科创50

【指数行情】
🔺 上证指数: 4112.16 (+0.11%)
🔺 科创50: 1571.07 (+5.19%)

【当前监控频率】每5分钟
2026-05-05 11:41:15,448 - INFO - 
🟠 市场波动警报 (11:41:15)

【波动级别】显著波动 (5.19%)
【触发指数】科创50

【指数行情】
🔺 上证指数: 4112.16 (+0.11%)
🔺 科创50: 1571.07 (+5.19%)

【当前监控频率】每5分钟
2026-05-05 11:42:41,390 - ERROR - 获取指数数据失败: [Errno 32] Broken pipe
2026-05-05 11:42:41,391 - WARNING - 未获取到指数数据
2026-05-05 11:46:17,735 - INFO - 
🟠 市场波动警报 (11:46:17)

【波动级别】显著波动 (5.19%)
【触发指数】科创50

【指数行情】
🔺 上证指数: 4112.16 (+0.11%)
🔺 科创50: 1571.07 (+5.19%)

【当前监控频率】每5分钟
2026-05-05 11:47:51,071 - ERROR - 获取指数数据失败: [Errno 32] Broken pipe
2026-05-05 11:47:51,072 - WARNING - 未获取到指数数据
2026-05-05 11:51:20,906 - INFO - 
🟠 市场波动警报 (11:51:20)

【波动级别】显著波动 (5.19%)
【触发指数】科创50

【指数行情】
🔺 上证指数: 4112.16 (+0.11%)
🔺 科创50: 1571.07 (+5.19%)

【当前监控频率】每5分钟
2026-05-05 11:56:23,247 - INFO - 
🟠 市场波动警报 (11:56:23)

【波动级别】显著波动 (5.19%)
【触发指数】科创50

【指数行情】
🔺 上证指数: 4112.16 (+0.11%)
🔺 科创50: 1571.07 (+5.19%)

【当前监控频率】每5分钟
2026-05-05 11:57:41,436 - ERROR - 获取指数数据失败: [Errno 32] Broken pipe
2026-05-05 11:57:41,437 - WARNING - 未获取到指数数据
2026-05-05 12:01:25,674 - INFO - 
🟠 市场波动警报 (12:01:25)

【波动级别】显著波动 (5.19%)
【触发指数】科创50

【指数行情】
🔺 上证指数: 4112.16 (+0.11%)
🔺 科创50: 1571.07 (+5.19%)

【当前监控频率】每5分钟
2026-05-05 12:02:51,116 - ERROR - 获取指数数据失败: [Errno 32] Broken pipe
2026-05-05 12:02:51,117 - WARNING - 未获取到指数数据
2026-05-05 12:06:27,272 - INFO - 
🟠 市场波动警报 (12:06:27)

【波动级别】显著波动 (5.19%)
【触发指数】科创50

【指数行情】
🔺 上证指数: 4112.16 (+0.11%)
🔺 科创50: 1571.07 (+5.19%)

【当前监控频率】每5分钟
2026-05-05 12:11:29,394 - INFO - 
🟠 市场波动警报 (12:11:29)

【波动级别】显著波动 (5.19%)
【触发指数】科创50

【指数行情】
🔺 上证指数: 4112.16 (+0.11%)
🔺 科创50: 1571.07 (+5.19%)

【当前监控频率】每5分钟
2026-05-05 12:12:41,609 - ERROR - 获取指数数据失败: [Errno 32] Broken pipe
2026-05-05 12:12:41,610 - WARNING - 未获取到指数数据
2026-05-05 12:16:32,009 - INFO - 
🟠 市场波动警报 (12:16:32)

【波动级别】显著波动 (5.19%)
【触发指数】科创50

【指数行情】
🔺 上证指数: 4112.16 (+0.11%)
🔺 科创50: 1571.07 (+5.19%)

【当前监控频率】每5分钟
2026-05-05 12:17:51,176 - ERROR - 获取指数数据失败: [Errno 32] Broken pipe
2026-05-05 12:17:51,177 - WARNING - 未获取到指数数据
2026-05-05 12:21:34,868 - INFO - 
🟠 市场波动警报 (12:21:34)

【波动级别】显著波动 (5.19%)
【触发指数】科创50

【指数行情】
🔺 上证指数: 4112.16 (+0.11%)
🔺 科创50: 1571.07 (+5.19%)

【当前监控频率】每5分钟
2026-05-05 12:26:37,219 - INFO - 
🟠 市场波动警报 (12:26:37)

【波动级别】显著波动 (5.19%)
【触发指数】科创50

【指数行情】
🔺 上证指数: 4112.16 (+0.11%)
🔺 科创50: 1571.07 (+5.19%)

【当前监控频率】每5分钟
2026-05-05 12:27:41,653 - ERROR - 获取指数数据失败: [Errno 32] Broken pipe
2026-05-05 12:27:41,654 - WARNING - 未获取到指数数据
2026-05-05 12:31:39,371 - INFO - 
🟠 市场波动警报 (12:31:39)

【波动级别】显著波动 (5.19%)
【触发指数】科创50

【指数行情】
🔺 上证指数: 4112.16 (+0.11%)
🔺 科创50: 1571.07 (+5.19%)

【当前监控频率】每5分钟
2026-05-05 12:32:51,236 - ERROR - 获取指数数据失败: [Errno 32] Broken pipe
2026-05-05 12:32:51,237 - WARNING - 未获取到指数数据
2026-05-05 12:36:41,838 - INFO - 
🟠 市场波动警报 (12:36:41)

【波动级别】显著波动 (5.19%)
【触发指数】科创50

【指数行情】
🔺 上证指数: 4112.16 (+0.11%)
🔺 科创50: 1571.07 (+5.19%)

【当前监控频率】每5分钟
2026-05-05 12:41:44,981 - INFO - 
🟠 市场波动警报 (12:41:44)

【波动级别】显著波动 (5.19%)
【触发指数】科创50

【指数行情】
🔺 上证指数: 4112.16 (+0.11%)
🔺 科创50: 1571.07 (+5.19%)

【当前监控频率】每5分钟
2026-05-05 12:42:41,699 - ERROR - 获取指数数据失败: [Errno 32] Broken pipe
2026-05-05 12:42:41,700 - WARNING - 未获取到指数数据
2026-05-05 12:46:47,072 - INFO - 
🟠 市场波动警报 (12:46:47)

【波动级别】显著波动 (5.19%)
【触发指数】科创50

【指数行情】
🔺 上证指数: 4112.16 (+0.11%)
🔺 科创50: 1571.07 (+5.19%)

【当前监控频率】每5分钟
2026-05-05 12:47:51,434 - ERROR - 获取指数数据失败: [Errno 32] Broken pipe
2026-05-05 12:47:51,435 - WARNING - 未获取到指数数据
2026-05-05 12:51:49,017 - INFO - 
🟠 市场波动警报 (12:51:49)

【波动级别】显著波动 (5.19%)
【触发指数】科创50

【指数行情】
🔺 上证指数: 4112.16 (+0.11%)
🔺 科创50: 1571.07 (+5.19%)

【当前监控频率】每5分钟
2026-05-05 12:56:51,939 - INFO - 
🟠 市场波动警报 (12:56:51)

【波动级别】显著波动 (5.19%)
【触发指数】科创50

【指数行情】
🔺 上证指数: 4112.16 (+0.11%)
🔺 科创50: 1571.07 (+5.19%)

【当前监控频率】每5分钟
2026-05-05 12:57:41,754 - ERROR - 获取指数数据失败: [Errno 32] Broken pipe
2026-05-05 12:57:41,755 - WARNING - 未获取到指数数据
2026-05-05 13:01:54,521 - INFO - 
🟠 市场波动警报 (13:01:54)

【波动级别】显著波动 (5.19%)
【触发指数】科创50

【指数行情】
🔺 上证指数: 4112.16 (+0.11%)
🔺 科创50: 1571.07 (+5.19%)

【当前监控频率】每5分钟
2026-05-05 13:02:51,672 - ERROR - 获取指数数据失败: [Errno 32] Broken pipe
2026-05-05 13:02:51,673 - WARNING - 未获取到指数数据
2026-05-05 13:06:56,346 - INFO - 
🟠 市场波动警报 (13:06:56)

【波动级别】显著波动 (5.19%)
【触发指数】科创50

【指数行情】
🔺 上证指数: 4112.16 (+0.11%)
🔺 科创50: 1571.07 (+5.19%)

【当前监控频率】每5分钟
2026-05-05 13:11:58,788 - INFO - 
🟠 市场波动警报 (13:11:58)

【波动级别】显著波动 (5.19%)
【触发指数】科创50

【指数行情】
🔺 上证指数: 4112.16 (+0.11%)
🔺 科创50: 1571.07 (+5.19%)

【当前监控频率】每5分钟
2026-05-05 13:12:41,812 - ERROR - 获取指数数据失败: [Errno 32] Broken pipe
2026-05-05 13:12:41,813 - WARNING - 未获取到指数数据
2026-05-05 13:17:00,980 - INFO - 
🟠 市场波动警报 (13:17:00)

【波动级别】显著波动 (5.19%)
【触发指数】科创50

【指数行情】
🔺 上证指数: 4112.16 (+0.11%)
🔺 科创50: 1571.07 (+5.19%)

【当前监控频率】每5分钟
2026-05-05 13:17:51,717 - ERROR - 获取指数数据失败: [Errno 32] Broken pipe
2026-05-05 13:17:51,718 - WARNING - 未获取到指数数据
2026-05-05 13:22:03,602 - INFO - 
🟠 市场波动警报 (13:22:03)

【波动级别】显著波动 (5.19%)
【触发指数】科创50

【指数行情】
🔺 上证指数: 4112.16 (+0.11%)
🔺 科创50: 1571.07 (+5.19%)

【当前监控频率】每5分钟
2026-05-05 13:27:05,622 - INFO - 
🟠 市场波动警报 (13:27:05)

【波动级别】显著波动 (5.19%)
【触发指数】科创50

【指数行情】
🔺 上证指数: 4112.16 (+0.11%)
🔺 科创50: 1571.07 (+5.19%)

【当前监控频率】每5分钟
2026-05-05 13:27:41,981 - ERROR - 获取指数数据失败: [Errno 32] Broken pipe
2026-05-05 13:27:41,982 - WARNING - 未获取到指数数据
2026-05-05 13:32:08,503 - INFO - 
🟠 市场波动警报 (13:32:08)

【波动级别】显著波动 (5.19%)
【触发指数】科创50

【指数行情】
🔺 上证指数: 4112.16 (+0.11%)
🔺 科创50: 1571.07 (+5.19%)

【当前监控频率】每5分钟
2026-05-05 13:32:51,762 - ERROR - 获取指数数据失败: [Errno 32] Broken pipe
2026-05-05 13:32:51,763 - WARNING - 未获取到指数数据
2026-05-05 13:37:10,786 - INFO - 
🟠 市场波动警报 (13:37:10)

【波动级别】显著波动 (5.19%)
【触发指数】科创50

【指数行情】
🔺 上证指数: 4112.16 (+0.11%)
🔺 科创50: 1571.07 (+5.19%)

【当前监控频率】每5分钟
2026-05-05 13:42:13,554 - INFO - 
🟠 市场波动警报 (13:42:13)

【波动级别】显著波动 (5.19%)
【触发指数】科创50

【指数行情】
🔺 上证指数: 4112.16 (+0.11%)
🔺 科创50: 1571.07 (+5.19%)

【当前监控频率】每5分钟
2026-05-05 13:42:42,025 - ERROR - 获取指数数据失败: [Errno 32] Broken pipe
2026-05-05 13:42:42,026 - WARNING - 未获取到指数数据
2026-05-05 13:47:15,893 - INFO - 
🟠 市场波动警报 (13:47:15)

【波动级别】显著波动 (5.19%)
【触发指数】科创50

【指数行情】
🔺 上证指数: 4112.16 (+0.11%)
🔺 科创50: 1571.07 (+5.19%)

【当前监控频率】每5分钟
2026-05-05 13:47:51,914 - ERROR - 获取指数数据失败: [Errno 32] Broken pipe
2026-05-05 13:47:51,915 - WARNING - 未获取到指数数据
2026-05-05 13:52:18,127 - INFO - 
🟠 市场波动警报 (13:52:18)

【波动级别】显著波动 (5.19%)
【触发指数】科创50

【指数行情】
🔺 上证指数: 4112.16 (+0.11%)
🔺 科创50: 1571.07 (+5.19%)

【当前监控频率】每5分钟
2026-05-05 13:57:20,209 - INFO - 
🟠 市场波动警报 (13:57:20)

【波动级别】显著波动 (5.19%)
【触发指数】科创50

【指数行情】
🔺 上证指数: 4112.16 (+0.11%)
🔺 科创50: 1571.07 (+5.19%)

【当前监控频率】每5分钟
2026-05-05 13:57:42,230 - ERROR - 获取指数数据失败: [Errno 32] Broken pipe
2026-05-05 13:57:42,231 - WARNING - 未获取到指数数据
2026-05-05 14:02:22,757 - INFO - 
🟠 市场波动警报 (14:02:22)

【波动级别】显著波动 (5.19%)
【触发指数】科创50

【指数行情】
🔺 上证指数: 4112.16 (+0.11%)
🔺 科创50: 1571.07 (+5.19%)

【当前监控频率】每5分钟
2026-05-05 14:02:51,980 - ERROR - 获取指数数据失败: [Errno 32] Broken pipe
2026-05-05 14:02:51,981 - WARNING - 未获取到指数数据
2026-05-05 14:07:25,191 - INFO - 
🟠 市场波动警报 (14:07:25)

【波动级别】显著波动 (5.19%)
【触发指数】科创50

【指数行情】
🔺 上证指数: 4112.16 (+0.11%)
🔺 科创50: 1571.07 (+5.19%)

【当前监控频率】每5分钟
2026-05-05 14:12:27,008 - INFO - 
🟠 市场波动警报 (14:12:27)

【波动级别】显著波动 (5.19%)
【触发指数】科创50

【指数行情】
🔺 上证指数: 4112.16 (+0.11%)
🔺 科创50: 1571.07 (+5.19%)

【当前监控频率】每5分钟
2026-05-05 14:12:42,419 - ERROR - 获取指数数据失败: [Errno 32] Broken pipe
2026-05-05 14:12:42,420 - WARNING - 未获取到指数数据
2026-05-05 14:17:29,932 - INFO - 
🟠 市场波动警报 (14:17:29)

【波动级别】显著波动 (5.19%)
【触发指数】科创50

【指数行情】
🔺 上证指数: 4112.16 (+0.11%)
🔺 科创50: 1571.07 (+5.19%)

【当前监控频率】每5分钟
2026-05-05 14:17:52,028 - ERROR - 获取指数数据失败: [Errno 32] Broken pipe
2026-05-05 14:17:52,029 - WARNING - 未获取到指数数据
2026-05-05 14:22:31,950 - INFO - 
🟠 市场波动警报 (14:22:31)

【波动级别】显著波动 (5.19%)
【触发指数】科创50

【指数行情】
🔺 上证指数: 4112.16 (+0.11%)
🔺 科创50: 1571.07 (+5.19%)

【当前监控频率】每5分钟
2026-05-05 14:27:34,180 - INFO - 
🟠 市场波动警报 (14:27:34)

【波动级别】显著波动 (5.19%)
【触发指数】科创50

【指数行情】
🔺 上证指数: 4112.16 (+0.11%)
🔺 科创50: 1571.07 (+5.19%)

【当前监控频率】每5分钟
2026-05-05 14:27:42,560 - ERROR - 获取指数数据失败: [Errno 32] Broken pipe
2026-05-05 14:27:42,561 - WARNING - 未获取到指数数据
2026-05-05 14:32:35,732 - INFO - 
🟠 市场波动警报 (14:32:35)

【波动级别】显著波动 (5.19%)
【触发指数】科创50

【指数行情】
🔺 上证指数: 4112.16 (+0.11%)
🔺 科创50: 1571.07 (+5.19%)

【当前监控频率】每5分钟
2026-05-05 14:32:52,072 - ERROR - 获取指数数据失败: [Errno 32] Broken pipe
2026-05-05 14:32:52,073 - WARNING - 未获取到指数数据
2026-05-05 14:37:38,197 - INFO - 
🟠 市场波动警报 (14:37:38)

【波动级别】显著波动 (5.19%)
【触发指数】科创50

【指数行情】
🔺 上证指数: 4112.16 (+0.11%)
🔺 科创50: 1571.07 (+5.19%)

【当前监控频率】每5分钟
2026-05-05 14:42:39,644 - INFO - 
🟠 市场波动警报 (14:42:39)

【波动级别】显著波动 (5.19%)
【触发指数】科创50

【指数行情】
🔺 上证指数: 4112.16 (+0.11%)
🔺 科创50: 1571.07 (+5.19%)

【当前监控频率】每5分钟
2026-05-05 14:42:42,612 - ERROR - 获取指数数据失败: [Errno 32] Broken pipe
2026-05-05 14:42:42,613 - WARNING - 未获取到指数数据
2026-05-05 14:47:41,882 - INFO - 
🟠 市场波动警报 (14:47:41)

【波动级别】显著波动 (5.19%)
【触发指数】科创50

【指数行情】
🔺 上证指数: 4112.16 (+0.11%)
🔺 科创50: 1571.07 (+5.19%)

【当前监控频率】每5分钟
2026-05-05 14:47:52,146 - ERROR - 获取指数数据失败: [Errno 32] Broken pipe
2026-05-05 14:47:52,147 - WARNING - 未获取到指数数据
2026-05-05 14:52:45,245 - INFO - 
🟠 市场波动警报 (14:52:45)

【波动级别】显著波动 (5.19%)
【触发指数】科创50

【指数行情】
🔺 上证指数: 4112.16 (+0.11%)
🔺 科创50: 1571.07 (+5.19%)

【当前监控频率】每5分钟
2026-05-05 14:57:42,663 - ERROR - 获取指数数据失败: [Errno 32] Broken pipe
2026-05-05 14:57:42,664 - WARNING - 未获取到指数数据
2026-05-05 14:57:48,315 - INFO - 
🟠 市场波动警报 (14:57:48)

【波动级别】显著波动 (5.19%)
【触发指数】科创50

【指数行情】
🔺 上证指数: 4112.16 (+0.11%)
🔺 科创50: 1571.07 (+5.19%)

【当前监控频率】每5分钟
2026-05-05 15:02:48,316 - INFO - 非交易时段，每小时检查
2026-05-05 15:02:52,147 - INFO - 非交易时段，每小时检查
2026-05-05 15:12:42,664 - INFO - 非交易时段，每小时检查
2026-05-05 16:02:48,316 - INFO - 非交易时段，每小时检查
2026-05-05 16:02:52,147 - INFO - 非交易时段，每小时检查
2026-05-05 16:12:42,665 - INFO - 非交易时段，每小时检查
2026-05-05 17:02:48,316 - INFO - 非交易时段，每小时检查
2026-05-05 17:02:52,147 - INFO - 非交易时段，每小时检查
2026-05-05 17:12:42,665 - INFO - 非交易时段，每小时检查
2026-05-05 18:02:48,317 - INFO - 非交易时段，每小时检查
2026-05-05 18:02:52,148 - INFO - 非交易时段，每小时检查
2026-05-05 18:12:42,665 - INFO - 非交易时段，每小时检查
2026-05-05 19:02:48,317 - INFO - 非交易时段，每小时检查
2026-05-05 19:02:52,148 - INFO - 非交易时段，每小时检查
2026-05-05 19:12:42,665 - INFO - 非交易时段，每小时检查
2026-05-05 20:02:48,317 - INFO - 非交易时段，每小时检查
2026-05-05 20:02:52,148 - INFO - 非交易时段，每小时检查
2026-05-05 20:12:42,666 - INFO - 非交易时段，每小时检查
2026-05-05 21:02:48,318 - INFO - 非交易时段，每小时检查
2026-05-05 21:02:52,148 - INFO - 非交易时段，每小时检查
2026-05-05 21:12:42,666 - INFO - 非交易时段，每小时检查
2026-05-05 22:02:48,318 - INFO - 非交易时段，每小时检查
2026-05-05 22:02:52,149 - INFO - 非交易时段，每小时检查
2026-05-05 22:12:42,666 - INFO - 非交易时段，每小时检查
2026-05-05 23:02:48,318 - INFO - 非交易时段，每小时检查
2026-05-05 23:02:52,149 - INFO - 非交易时段，每小时检查
2026-05-05 23:12:42,666 - INFO - 非交易时段，每小时检查
2026-05-06 00:02:48,319 - INFO - 非交易时段，每小时检查
2026-05-06 00:02:52,149 - INFO - 非交易时段，每小时检查
2026-05-06 00:12:42,667 - INFO - 非交易时段，每小时检查
2026-05-06 01:02:48,319 - INFO - 非交易时段，每小时检查
2026-05-06 01:02:52,149 - INFO - 非交易时段，每小时检查
2026-05-06 01:12:42,667 - INFO - 非交易时段，每小时检查
2026-05-06 02:02:48,319 - INFO - 非交易时段，每小时检查
2026-05-06 02:02:52,150 - INFO - 非交易时段，每小时检查
2026-05-06 02:12:42,667 - INFO - 非交易时段，每小时检查
2026-05-06 03:02:48,319 - INFO - 非交易时段，每小时检查
2026-05-06 03:02:52,150 - INFO - 非交易时段，每小时检查
2026-05-06 03:12:42,667 - INFO - 非交易时段，每小时检查
2026-05-06 04:02:48,319 - INFO - 非交易时段，每小时检查
2026-05-06 04:02:52,150 - INFO - 非交易时段，每小时检查
2026-05-06 04:12:42,667 - INFO - 非交易时段，每小时检查
2026-05-06 05:02:48,320 - INFO - 非交易时段，每小时检查
2026-05-06 05:02:52,150 - INFO - 非交易时段，每小时检查
2026-05-06 05:12:42,668 - INFO - 非交易时段，每小时检查
2026-05-06 06:02:48,321 - INFO - 非交易时段，每小时检查
2026-05-06 06:02:52,151 - INFO - 非交易时段，每小时检查
2026-05-06 06:12:42,668 - INFO - 非交易时段，每小时检查
2026-05-06 07:02:48,321 - INFO - 非交易时段，每小时检查
2026-05-06 07:02:52,151 - INFO - 非交易时段，每小时检查
2026-05-06 07:12:42,668 - INFO - 非交易时段，每小时检查
2026-05-06 08:02:48,321 - INFO - 非交易时段，每小时检查
2026-05-06 08:02:52,151 - INFO - 非交易时段，每小时检查
2026-05-06 08:12:42,668 - INFO - 非交易时段，每小时检查
2026-05-06 09:02:48,321 - INFO - 非交易时段，每小时检查
2026-05-06 09:02:52,151 - INFO - 非交易时段，每小时检查
2026-05-06 09:12:42,669 - INFO - 非交易时段，每小时检查
2026-05-06 10:02:48,371 - ERROR - 获取指数数据失败: [Errno 32] Broken pipe
2026-05-06 10:02:48,372 - WARNING - 未获取到指数数据
2026-05-06 10:02:52,207 - ERROR - 获取指数数据失败: [Errno 32] Broken pipe
2026-05-06 10:02:52,207 - WARNING - 未获取到指数数据
2026-05-06 10:12:42,910 - ERROR - 获取指数数据失败: [Errno 32] Broken pipe
2026-05-06 10:12:42,911 - WARNING - 未获取到指数数据
2026-05-06 10:17:48,575 - ERROR - 获取指数数据失败: [Errno 32] Broken pipe
2026-05-06 10:17:48,576 - WARNING - 未获取到指数数据
2026-05-06 10:17:52,253 - ERROR - 获取指数数据失败: [Errno 32] Broken pipe
2026-05-06 10:17:52,254 - WARNING - 未获取到指数数据
2026-05-06 10:27:43,075 - ERROR - 获取指数数据失败: [Errno 32] Broken pipe
2026-05-06 10:27:43,076 - WARNING - 未获取到指数数据
2026-05-06 10:32:48,776 - ERROR - 获取指数数据失败: [Errno 32] Broken pipe
2026-05-06 10:32:48,777 - WARNING - 未获取到指数数据
2026-05-06 10:32:52,305 - ERROR - 获取指数数据失败: [Errno 32] Broken pipe
2026-05-06 10:32:52,306 - WARNING - 未获取到指数数据
2026-05-06 10:42:43,121 - ERROR - 获取指数数据失败: [Errno 32] Broken pipe
2026-05-06 10:42:43,122 - WARNING - 未获取到指数数据
2026-05-06 10:47:48,831 - ERROR - 获取指数数据失败: [Errno 32] Broken pipe
2026-05-06 10:47:48,832 - WARNING - 未获取到指数数据
2026-05-06 10:47:52,493 - ERROR - 获取指数数据失败: [Errno 32] Broken pipe
2026-05-06 10:47:52,494 - WARNING - 未获取到指数数据
2026-05-06 10:57:43,186 - ERROR - 获取指数数据失败: [Errno 32] Broken pipe
2026-05-06 10:57:43,187 - WARNING - 未获取到指数数据
2026-05-06 11:02:48,878 - ERROR - 获取指数数据失败: [Errno 32] Broken pipe
2026-05-06 11:02:48,879 - WARNING - 未获取到指数数据
2026-05-06 11:02:52,683 - ERROR - 获取指数数据失败: [Errno 32] Broken pipe
2026-05-06 11:02:52,684 - WARNING - 未获取到指数数据
2026-05-06 11:12:43,372 - ERROR - 获取指数数据失败: [Errno 32] Broken pipe
2026-05-06 11:12:43,373 - WARNING - 未获取到指数数据
2026-05-06 11:17:49,017 - ERROR - 获取指数数据失败: [Errno 32] Broken pipe
2026-05-06 11:17:49,018 - WARNING - 未获取到指数数据
2026-05-06 11:17:52,815 - ERROR - 获取指数数据失败: [Errno 32] Broken pipe
2026-05-06 11:17:52,816 - WARNING - 未获取到指数数据
2026-05-06 11:27:43,422 - ERROR - 获取指数数据失败: [Errno 32] Broken pipe
2026-05-06 11:27:43,423 - WARNING - 未获取到指数数据
2026-05-06 11:32:49,062 - ERROR - 获取指数数据失败: [Errno 32] Broken pipe
2026-05-06 11:32:49,063 - WARNING - 未获取到指数数据
2026-05-06 11:32:52,859 - ERROR - 获取指数数据失败: [Errno 32] Broken pipe
2026-05-06 11:32:52,860 - WARNING - 未获取到指数数据
2026-05-06 11:42:43,602 - ERROR - 获取指数数据失败: [Errno 32] Broken pipe
2026-05-06 11:42:43,603 - WARNING - 未获取到指数数据
2026-05-06 11:47:49,109 - ERROR - 获取指数数据失败: [Errno 32] Broken pipe
2026-05-06 11:47:49,110 - WARNING - 未获取到指数数据
2026-05-06 11:47:52,918 - ERROR - 获取指数数据失败: [Errno 32] Broken pipe
2026-05-06 11:47:52,919 - WARNING - 未获取到指数数据
2026-05-06 11:57:43,650 - ERROR - 获取指数数据失败: [Errno 32] Broken pipe
2026-05-06 11:57:43,651 - WARNING - 未获取到指数数据
2026-05-06 12:02:49,357 - ERROR - 获取指数数据失败: [Errno 32] Broken pipe
2026-05-06 12:02:49,358 - WARNING - 未获取到指数数据
2026-05-06 12:02:52,975 - ERROR - 获取指数数据失败: [Errno 32] Broken pipe
2026-05-06 12:02:52,976 - WARNING - 未获取到指数数据
2026-05-06 12:12:43,701 - ERROR - 获取指数数据失败: [Errno 32] Broken pipe
2026-05-06 12:12:43,702 - WARNING - 未获取到指数数据
2026-05-06 12:17:49,533 - ERROR - 获取指数数据失败: [Errno 32] Broken pipe
2026-05-06 12:17:49,534 - WARNING - 未获取到指数数据
2026-05-06 12:17:53,155 - ERROR - 获取指数数据失败: [Errno 32] Broken pipe
2026-05-06 12:17:53,156 - WARNING - 未获取到指数数据
2026-05-06 12:27:49,563 - ERROR - 获取指数数据失败: ('Connection aborted.', RemoteDisconnected('Remote end closed connection without response'))
2026-05-06 12:27:49,563 - WARNING - 未获取到指数数据
2026-05-06 12:32:54,190 - ERROR - 获取指数数据失败: ('Connection aborted.', RemoteDisconnected('Remote end closed connection without response'))
2026-05-06 12:32:54,191 - WARNING - 未获取到指数数据
2026-05-06 12:32:59,115 - ERROR - 获取指数数据失败: ('Connection aborted.', RemoteDisconnected('Remote end closed connection without response'))
2026-05-06 12:32:59,115 - WARNING - 未获取到指数数据
2026-05-06 12:42:54,834 - ERROR - 获取指数数据失败: ('Connection aborted.', RemoteDisconnected('Remote end closed connection without response'))
2026-05-06 12:42:54,836 - WARNING - 未获取到指数数据
2026-05-06 12:47:59,445 - ERROR - 获取指数数据失败: ('Connection aborted.', RemoteDisconnected('Remote end closed connection without response'))
2026-05-06 12:47:59,445 - WARNING - 未获取到指数数据
2026-05-06 12:48:04,964 - ERROR - 获取指数数据失败: ('Connection aborted.', RemoteDisconnected('Remote end closed connection without response'))
2026-05-06 12:48:04,964 - WARNING - 未获取到指数数据
2026-05-06 12:58:00,100 - ERROR - 获取指数数据失败: ('Connection aborted.', RemoteDisconnected('Remote end closed connection without response'))
2026-05-06 12:58:00,100 - WARNING - 未获取到指数数据
2026-05-06 13:03:04,762 - ERROR - 获取指数数据失败: ('Connection aborted.', RemoteDisconnected('Remote end closed connection without response'))
2026-05-06 13:03:04,762 - WARNING - 未获取到指数数据
2026-05-06 13:03:10,822 - ERROR - 获取指数数据失败: ('Connection aborted.', RemoteDisconnected('Remote end closed connection without response'))
2026-05-06 13:03:10,822 - WARNING - 未获取到指数数据
2026-05-06 13:13:04,826 - ERROR - 获取指数数据失败: ('Connection aborted.', RemoteDisconnected('Remote end closed connection without response'))
2026-05-06 13:13:04,826 - WARNING - 未获取到指数数据
2026-05-06 13:18:09,904 - ERROR - 获取指数数据失败: ('Connection aborted.', RemoteDisconnected('Remote end closed connection without response'))
2026-05-06 13:18:09,904 - WARNING - 未获取到指数数据
2026-05-06 13:18:15,164 - ERROR - 获取指数数据失败: ('Connection aborted.', RemoteDisconnected('Remote end closed connection without response'))
2026-05-06 13:18:15,165 - WARNING - 未获取到指数数据
2026-05-06 13:28:09,578 - ERROR - 获取指数数据失败: ('Connection aborted.', RemoteDisconnected('Remote end closed connection without response'))
2026-05-06 13:28:09,579 - WARNING - 未获取到指数数据
2026-05-06 13:33:15,672 - ERROR - 获取指数数据失败: ('Connection aborted.', RemoteDisconnected('Remote end closed connection without response'))
2026-05-06 13:33:15,672 - WARNING - 未获取到指数数据
2026-05-06 13:33:20,365 - ERROR - 获取指数数据失败: ('Connection aborted.', RemoteDisconnected('Remote end closed connection without response'))
2026-05-06 13:33:20,365 - WARNING - 未获取到指数数据
2026-05-06 13:43:15,565 - ERROR - 获取指数数据失败: ('Connection aborted.', RemoteDisconnected('Remote end closed connection without response'))
2026-05-06 13:43:15,565 - WARNING - 未获取到指数数据
2026-05-06 13:48:21,475 - ERROR - 获取指数数据失败: ('Connection aborted.', RemoteDisconnected('Remote end closed connection without response'))
2026-05-06 13:48:21,475 - WARNING - 未获取到指数数据
2026-05-06 13:48:26,453 - ERROR - 获取指数数据失败: ('Connection aborted.', RemoteDisconnected('Remote end closed connection without response'))
2026-05-06 13:48:26,454 - WARNING - 未获取到指数数据
2026-05-06 13:58:20,884 - ERROR - 获取指数数据失败: ('Connection aborted.', RemoteDisconnected('Remote end closed connection without response'))
2026-05-06 13:58:20,884 - WARNING - 未获取到指数数据
2026-05-06 14:03:27,361 - ERROR - 获取指数数据失败: ('Connection aborted.', RemoteDisconnected('Remote end closed connection without response'))
2026-05-06 14:03:27,361 - WARNING - 未获取到指数数据
2026-05-06 14:03:31,648 - ERROR - 获取指数数据失败: [Errno 32] Broken pipe
2026-05-06 14:03:31,648 - WARNING - 未获取到指数数据
2026-05-06 14:13:25,924 - ERROR - 获取指数数据失败: ('Connection aborted.', RemoteDisconnected('Remote end closed connection without response'))
2026-05-06 14:13:25,924 - WARNING - 未获取到指数数据
2026-05-06 14:18:31,874 - ERROR - 获取指数数据失败: ('Connection aborted.', RemoteDisconnected('Remote end closed connection without response'))
2026-05-06 14:18:31,874 - WARNING - 未获取到指数数据
2026-05-06 14:18:35,941 - ERROR - 获取指数数据失败: ('Connection aborted.', RemoteDisconnected('Remote end closed connection without response'))
2026-05-06 14:18:35,942 - WARNING - 未获取到指数数据
2026-05-06 14:28:31,587 - ERROR - 获取指数数据失败: ('Connection aborted.', RemoteDisconnected('Remote end closed connection without response'))
2026-05-06 14:28:31,587 - WARNING - 未获取到指数数据
2026-05-06 14:33:37,287 - ERROR - 获取指数数据失败: ('Connection aborted.', RemoteDisconnected('Remote end closed connection without response'))
2026-05-06 14:33:37,287 - WARNING - 未获取到指数数据
2026-05-06 14:33:41,142 - ERROR - 获取指数数据失败: ('Connection aborted.', RemoteDisconnected('Remote end closed connection without response'))
2026-05-06 14:33:41,142 - WARNING - 未获取到指数数据
2026-05-06 14:43:37,152 - ERROR - 获取指数数据失败: ('Connection aborted.', RemoteDisconnected('Remote end closed connection without response'))
2026-05-06 14:43:37,152 - WARNING - 未获取到指数数据
2026-05-06 14:48:42,734 - ERROR - 获取指数数据失败: ('Connection aborted.', RemoteDisconnected('Remote end closed connection without response'))
2026-05-06 14:48:42,734 - WARNING - 未获取到指数数据
2026-05-06 14:48:46,956 - ERROR - 获取指数数据失败: ('Connection aborted.', RemoteDisconnected('Remote end closed connection without response'))
2026-05-06 14:48:46,956 - WARNING - 未获取到指数数据
2026-05-06 14:58:42,690 - ERROR - 获取指数数据失败: ('Connection aborted.', RemoteDisconnected('Remote end closed connection without response'))
2026-05-06 14:58:42,691 - WARNING - 未获取到指数数据
2026-05-06 15:03:42,734 - INFO - 非交易时段，每小时检查
2026-05-06 15:03:46,956 - INFO - 非交易时段，每小时检查
2026-05-06 15:13:42,691 - INFO - 非交易时段，每小时检查
2026-05-06 16:03:42,735 - INFO - 非交易时段，每小时检查
2026-05-06 16:03:46,956 - INFO - 非交易时段，每小时检查
2026-05-06 16:13:42,691 - INFO - 非交易时段，每小时检查
2026-05-06 17:03:42,735 - INFO - 非交易时段，每小时检查
2026-05-06 17:03:46,957 - INFO - 非交易时段，每小时检查
2026-05-06 17:13:42,691 - INFO - 非交易时段，每小时检查
2026-05-06 18:03:42,735 - INFO - 非交易时段，每小时检查
2026-05-06 18:03:46,957 - INFO - 非交易时段，每小时检查
2026-05-06 18:13:42,691 - INFO - 非交易时段，每小时检查
2026-05-06 19:03:42,735 - INFO - 非交易时段，每小时检查
2026-05-06 19:03:46,957 - INFO - 非交易时段，每小时检查
2026-05-06 19:13:42,692 - INFO - 非交易时段，每小时检查
2026-05-06 20:03:42,736 - INFO - 非交易时段，每小时检查
2026-05-06 20:03:46,957 - INFO - 非交易时段，每小时检查
2026-05-06 20:13:42,692 - INFO - 非交易时段，每小时检查
2026-05-06 21:03:42,736 - INFO - 非交易时段，每小时检查
2026-05-06 21:03:46,957 - INFO - 非交易时段，每小时检查
2026-05-06 21:13:42,692 - INFO - 非交易时段，每小时检查
2026-05-06 22:03:42,736 - INFO - 非交易时段，每小时检查
2026-05-06 22:03:46,958 - INFO - 非交易时段，每小时检查
2026-05-06 22:13:42,692 - INFO - 非交易时段，每小时检查
2026-05-06 23:03:42,736 - INFO - 非交易时段，每小时检查
2026-05-06 23:03:46,958 - INFO - 非交易时段，每小时检查
2026-05-06 23:13:42,692 - INFO - 非交易时段，每小时检查
2026-05-07 00:03:42,736 - INFO - 非交易时段，每小时检查
2026-05-07 00:03:46,958 - INFO - 非交易时段，每小时检查
2026-05-07 00:13:42,693 - INFO - 非交易时段，每小时检查
2026-05-07 01:03:42,737 - INFO - 非交易时段，每小时检查
2026-05-07 01:03:46,958 - INFO - 非交易时段，每小时检查
2026-05-07 01:13:42,693 - INFO - 非交易时段，每小时检查
2026-05-07 02:03:42,737 - INFO - 非交易时段，每小时检查
2026-05-07 02:03:46,958 - INFO - 非交易时段，每小时检查
2026-05-07 02:13:42,693 - INFO - 非交易时段，每小时检查
2026-05-07 03:03:42,737 - INFO - 非交易时段，每小时检查
2026-05-07 03:03:46,959 - INFO - 非交易时段，每小时检查
2026-05-07 03:13:42,693 - INFO - 非交易时段，每小时检查
2026-05-07 04:03:42,737 - INFO - 非交易时段，每小时检查
2026-05-07 04:03:46,959 - INFO - 非交易时段，每小时检查
2026-05-07 04:13:42,694 - INFO - 非交易时段，每小时检查
2026-05-07 05:03:42,738 - INFO - 非交易时段，每小时检查
2026-05-07 05:03:46,959 - INFO - 非交易时段，每小时检查
2026-05-07 05:13:42,694 - INFO - 非交易时段，每小时检查
2026-05-07 06:03:42,738 - INFO - 非交易时段，每小时检查
2026-05-07 06:03:46,959 - INFO - 非交易时段，每小时检查
2026-05-07 06:13:42,694 - INFO - 非交易时段，每小时检查
2026-05-07 07:03:42,738 - INFO - 非交易时段，每小时检查
2026-05-07 07:03:46,960 - INFO - 非交易时段，每小时检查
2026-05-07 07:13:42,694 - INFO - 非交易时段，每小时检查
2026-05-07 08:03:42,739 - INFO - 非交易时段，每小时检查
2026-05-07 08:03:46,960 - INFO - 非交易时段，每小时检查
2026-05-07 08:13:42,694 - INFO - 非交易时段，每小时检查
2026-05-07 09:03:42,739 - INFO - 非交易时段，每小时检查
2026-05-07 09:03:46,960 - INFO - 非交易时段，每小时检查
2026-05-07 09:13:42,695 - INFO - 非交易时段，每小时检查
2026-05-07 10:03:45,044 - ERROR - 获取指数数据失败: [Errno 32] Broken pipe
2026-05-07 10:03:45,044 - WARNING - 未获取到指数数据
2026-05-07 10:03:52,424 - ERROR - 获取指数数据失败: ('Connection aborted.', RemoteDisconnected('Remote end closed connection without response'))
2026-05-07 10:03:52,424 - WARNING - 未获取到指数数据
2026-05-07 10:13:48,024 - ERROR - 获取指数数据失败: ('Connection aborted.', RemoteDisconnected('Remote end closed connection without response'))
2026-05-07 10:13:48,024 - WARNING - 未获取到指数数据
2026-05-07 10:18:50,362 - ERROR - 获取指数数据失败: ('Connection aborted.', RemoteDisconnected('Remote end closed connection without response'))
2026-05-07 10:18:50,362 - WARNING - 未获取到指数数据
2026-05-07 10:18:54,920 - ERROR - 获取指数数据失败: [Errno 32] Broken pipe
2026-05-07 10:18:54,921 - WARNING - 未获取到指数数据
2026-05-07 10:28:53,610 - ERROR - 获取指数数据失败: ('Connection aborted.', RemoteDisconnected('Remote end closed connection without response'))
2026-05-07 10:28:53,611 - WARNING - 未获取到指数数据
2026-05-07 10:33:56,313 - ERROR - 获取指数数据失败: ('Connection aborted.', RemoteDisconnected('Remote end closed connection without response'))
2026-05-07 10:33:56,313 - WARNING - 未获取到指数数据
2026-05-07 10:34:00,842 - ERROR - 获取指数数据失败: ('Connection aborted.', RemoteDisconnected('Remote end closed connection without response'))
2026-05-07 10:34:00,842 - WARNING - 未获取到指数数据
2026-05-07 10:43:59,426 - ERROR - 获取指数数据失败: ('Connection aborted.', RemoteDisconnected('Remote end closed connection without response'))
2026-05-07 10:43:59,427 - WARNING - 未获取到指数数据
2026-05-07 10:49:02,331 - ERROR - 获取指数数据失败: [Errno 32] Broken pipe
2026-05-07 10:49:02,332 - WARNING - 未获取到指数数据
2026-05-07 10:49:03,731 - ERROR - 获取指数数据失败: [Errno 32] Broken pipe
2026-05-07 10:49:03,732 - WARNING - 未获取到指数数据
2026-05-07 10:59:02,161 - ERROR - 获取指数数据失败: [Errno 32] Broken pipe
2026-05-07 10:59:02,161 - WARNING - 未获取到指数数据
2026-05-07 11:04:07,832 - ERROR - 获取指数数据失败: [Errno 32] Broken pipe
2026-05-07 11:04:07,832 - WARNING - 未获取到指数数据
2026-05-07 11:04:09,184 - ERROR - 获取指数数据失败: ('Connection aborted.', RemoteDisconnected('Remote end closed connection without response'))
2026-05-07 11:04:09,184 - WARNING - 未获取到指数数据
2026-05-07 11:14:07,878 - ERROR - 获取指数数据失败: ('Connection aborted.', RemoteDisconnected('Remote end closed connection without response'))
2026-05-07 11:14:07,878 - WARNING - 未获取到指数数据
2026-05-07 11:19:12,810 - ERROR - 获取指数数据失败: ('Connection aborted.', RemoteDisconnected('Remote end closed connection without response'))
2026-05-07 11:19:12,810 - WARNING - 未获取到指数数据
2026-05-07 11:19:14,083 - ERROR - 获取指数数据失败: ('Connection aborted.', RemoteDisconnected('Remote end closed connection without response'))
2026-05-07 11:19:14,083 - WARNING - 未获取到指数数据
2026-05-07 11:29:13,722 - ERROR - 获取指数数据失败: ('Connection aborted.', RemoteDisconnected('Remote end closed connection without response'))
2026-05-07 11:29:13,722 - WARNING - 未获取到指数数据
2026-05-07 11:34:18,660 - ERROR - 获取指数数据失败: ('Connection aborted.', RemoteDisconnected('Remote end closed connection without response'))
2026-05-07 11:34:18,660 - WARNING - 未获取到指数数据
2026-05-07 11:34:19,986 - ERROR - 获取指数数据失败: ('Connection aborted.', RemoteDisconnected('Remote end closed connection without response'))
2026-05-07 11:34:19,986 - WARNING - 未获取到指数数据
2026-05-07 11:44:18,520 - ERROR - 获取指数数据失败: ('Connection aborted.', RemoteDisconnected('Remote end closed connection without response'))
2026-05-07 11:44:18,520 - WARNING - 未获取到指数数据
2026-05-07 11:49:24,478 - ERROR - 获取指数数据失败: ('Connection aborted.', RemoteDisconnected('Remote end closed connection without response'))
2026-05-07 11:49:24,480 - WARNING - 未获取到指数数据
2026-05-07 11:49:25,204 - ERROR - 获取指数数据失败: ('Connection aborted.', RemoteDisconnected('Remote end closed connection without response'))
2026-05-07 11:49:25,204 - WARNING - 未获取到指数数据
2026-05-07 11:59:23,924 - ERROR - 获取指数数据失败: ('Connection aborted.', RemoteDisconnected('Remote end closed connection without response'))
2026-05-07 11:59:23,924 - WARNING - 未获取到指数数据
2026-05-07 12:04:29,835 - ERROR - 获取指数数据失败: ('Connection aborted.', RemoteDisconnected('Remote end closed connection without response'))
2026-05-07 12:04:29,835 - WARNING - 未获取到指数数据
2026-05-07 12:04:30,464 - ERROR - 获取指数数据失败: ('Connection aborted.', RemoteDisconnected('Remote end closed connection without response'))
2026-05-07 12:04:30,464 - WARNING - 未获取到指数数据
2026-05-07 12:14:28,405 - ERROR - 获取指数数据失败: ('Connection aborted.', RemoteDisconnected('Remote end closed connection without response'))
2026-05-07 12:14:28,406 - WARNING - 未获取到指数数据
2026-05-07 12:19:35,522 - ERROR - 获取指数数据失败: ('Connection aborted.', RemoteDisconnected('Remote end closed connection without response'))
2026-05-07 12:19:35,522 - WARNING - 未获取到指数数据
2026-05-07 12:19:36,729 - ERROR - 获取指数数据失败: ('Connection aborted.', RemoteDisconnected('Remote end closed connection without response'))
2026-05-07 12:19:36,729 - WARNING - 未获取到指数数据
2026-05-07 12:29:33,612 - ERROR - 获取指数数据失败: ('Connection aborted.', RemoteDisconnected('Remote end closed connection without response'))
2026-05-07 12:29:33,612 - WARNING - 未获取到指数数据
2026-05-07 12:34:41,568 - ERROR - 获取指数数据失败: ('Connection aborted.', RemoteDisconnected('Remote end closed connection without response'))
2026-05-07 12:34:41,569 - WARNING - 未获取到指数数据
2026-05-07 12:34:42,674 - ERROR - 获取指数数据失败: ('Connection aborted.', RemoteDisconnected('Remote end closed connection without response'))
2026-05-07 12:34:42,674 - WARNING - 未获取到指数数据
2026-05-07 12:44:39,259 - ERROR - 获取指数数据失败: ('Connection aborted.', RemoteDisconnected('Remote end closed connection without response'))
2026-05-07 12:44:39,259 - WARNING - 未获取到指数数据
2026-05-07 12:49:46,989 - ERROR - 获取指数数据失败: ('Connection aborted.', RemoteDisconnected('Remote end closed connection without response'))
2026-05-07 12:49:46,989 - WARNING - 未获取到指数数据
2026-05-07 12:49:47,896 - ERROR - 获取指数数据失败: ('Connection aborted.', RemoteDisconnected('Remote end closed connection without response'))
2026-05-07 12:49:47,896 - WARNING - 未获取到指数数据
2026-05-07 12:59:45,372 - ERROR - 获取指数数据失败: ('Connection aborted.', RemoteDisconnected('Remote end closed connection without response'))
2026-05-07 12:59:45,372 - WARNING - 未获取到指数数据
2026-05-07 13:04:52,346 - ERROR - 获取指数数据失败: ('Connection aborted.', RemoteDisconnected('Remote end closed connection without response'))
2026-05-07 13:04:52,346 - WARNING - 未获取到指数数据
2026-05-07 13:04:52,701 - ERROR - 获取指数数据失败: ('Connection aborted.', RemoteDisconnected('Remote end closed connection without response'))
2026-05-07 13:04:52,701 - WARNING - 未获取到指数数据
2026-05-07 13:14:50,868 - ERROR - 获取指数数据失败: ('Connection aborted.', RemoteDisconnected('Remote end closed connection without response'))
2026-05-07 13:14:50,868 - WARNING - 未获取到指数数据
2026-05-07 13:19:57,246 - ERROR - 获取指数数据失败: ('Connection aborted.', RemoteDisconnected('Remote end closed connection without response'))
2026-05-07 13:19:57,246 - WARNING - 未获取到指数数据
2026-05-07 13:19:57,430 - ERROR - 获取指数数据失败: ('Connection aborted.', RemoteDisconnected('Remote end closed connection without response'))
2026-05-07 13:19:57,430 - WARNING - 未获取到指数数据
2026-05-07 13:29:56,969 - ERROR - 获取指数数据失败: ('Connection aborted.', RemoteDisconnected('Remote end closed connection without response'))
2026-05-07 13:29:56,969 - WARNING - 未获取到指数数据
2026-05-07 13:35:02,438 - ERROR - 获取指数数据失败: ('Connection aborted.', RemoteDisconnected('Remote end closed connection without response'))
2026-05-07 13:35:02,438 - WARNING - 未获取到指数数据
2026-05-07 13:35:02,985 - ERROR - 获取指数数据失败: ('Connection aborted.', RemoteDisconnected('Remote end closed connection without response'))
2026-05-07 13:35:02,985 - WARNING - 未获取到指数数据
2026-05-07 13:45:02,352 - ERROR - 获取指数数据失败: ('Connection aborted.', RemoteDisconnected('Remote end closed connection without response'))
2026-05-07 13:45:02,352 - WARNING - 未获取到指数数据
2026-05-07 13:50:05,866 - ERROR - 获取指数数据失败: [Errno 32] Broken pipe
2026-05-07 13:50:05,866 - WARNING - 未获取到指数数据
2026-05-07 13:50:08,540 - ERROR - 获取指数数据失败: [Errno 32] Broken pipe
2026-05-07 13:50:08,541 - WARNING - 未获取到指数数据
2026-05-07 14:00:07,207 - ERROR - 获取指数数据失败: ('Connection aborted.', RemoteDisconnected('Remote end closed connection without response'))
2026-05-07 14:00:07,208 - WARNING - 未获取到指数数据
2026-05-07 14:05:11,142 - ERROR - 获取指数数据失败: ('Connection aborted.', RemoteDisconnected('Remote end closed connection without response'))
2026-05-07 14:05:11,142 - WARNING - 未获取到指数数据
2026-05-07 14:05:14,513 - ERROR - 获取指数数据失败: ('Connection aborted.', RemoteDisconnected('Remote end closed connection without response'))
2026-05-07 14:05:14,513 - WARNING - 未获取到指数数据
2026-05-07 14:15:12,060 - ERROR - 获取指数数据失败: ('Connection aborted.', RemoteDisconnected('Remote end closed connection without response'))
2026-05-07 14:15:12,061 - WARNING - 未获取到指数数据
2026-05-07 14:20:16,444 - ERROR - 获取指数数据失败: ('Connection aborted.', RemoteDisconnected('Remote end closed connection without response'))
2026-05-07 14:20:16,444 - WARNING - 未获取到指数数据
2026-05-07 14:20:16,958 - ERROR - 获取指数数据失败: [Errno 32] Broken pipe
2026-05-07 14:20:16,958 - WARNING - 未获取到指数数据
2026-05-07 14:30:17,838 - ERROR - 获取指数数据失败: ('Connection aborted.', RemoteDisconnected('Remote end closed connection without response'))
2026-05-07 14:30:17,838 - WARNING - 未获取到指数数据
2026-05-07 14:35:21,561 - ERROR - 获取指数数据失败: ('Connection aborted.', RemoteDisconnected('Remote end closed connection without response'))
2026-05-07 14:35:21,561 - WARNING - 未获取到指数数据
2026-05-07 14:35:22,256 - ERROR - 获取指数数据失败: ('Connection aborted.', RemoteDisconnected('Remote end closed connection without response'))
2026-05-07 14:35:22,256 - WARNING - 未获取到指数数据
2026-05-07 14:45:18,280 - ERROR - 获取指数数据失败: [Errno 32] Broken pipe
2026-05-07 14:45:18,281 - WARNING - 未获取到指数数据
2026-05-07 14:50:26,627 - ERROR - 获取指数数据失败: ('Connection aborted.', RemoteDisconnected('Remote end closed connection without response'))
2026-05-07 14:50:26,627 - WARNING - 未获取到指数数据
2026-05-07 14:50:28,578 - ERROR - 获取指数数据失败: ('Connection aborted.', RemoteDisconnected('Remote end closed connection without response'))
2026-05-07 14:50:28,579 - WARNING - 未获取到指数数据
2026-05-07 15:00:18,282 - INFO - 非交易时段，每小时检查
2026-05-07 15:05:26,627 - INFO - 非交易时段，每小时检查
2026-05-07 15:05:28,579 - INFO - 非交易时段，每小时检查
2026-05-07 16:00:18,282 - INFO - 非交易时段，每小时检查
2026-05-07 16:05:26,627 - INFO - 非交易时段，每小时检查
2026-05-07 16:05:28,579 - INFO - 非交易时段，每小时检查
