[2026-05-01 16:02:59] ==========================================
[2026-05-01 16:02:59] 研报自动归档任务开始
[2026-05-01 16:02:59] ==========================================
[1;33m[INFO][0m [2026-05-01 16:02:59] 开始扫描本地研报目录...
[1;33m[INFO][0m [2026-05-01 16:02:59] industry 目录: 0 个文件
[1;33m[INFO][0m [2026-05-01 16:03:00] company 目录: 0 个文件
[1;33m[INFO][0m [2026-05-01 16:03:00] macro 目录: 0 个文件
[1;33m[INFO][0m [2026-05-01 16:03:00] strategy 目录: 0 个文件
[1;33m[INFO][0m [2026-05-01 16:03:00] 总计: 0 个研报文件
[1;33m[INFO][0m [2026-05-01 16:03:00] 生成扫描报告...
[0;32m[SUCCESS][0m [2026-05-01 16:03:00] 扫描报告已保存: /workspace/projects/workspace/data/stock_research/.scan_report_20260501_160300.json
[2026-05-01 16:03:00] ==========================================
[0;32m[SUCCESS][0m [2026-05-01 16:03:00] 扫描完成，共 [1;33m[INFO][0m [2026-05-01 16:02:59] 开始扫描本地研报目录...
[1;33m[INFO][0m [2026-05-01 16:02:59] industry 目录: 0 个文件
[1;33m[INFO][0m [2026-05-01 16:03:00] company 目录: 0 个文件
[1;33m[INFO][0m [2026-05-01 16:03:00] macro 目录: 0 个文件
[1;33m[INFO][0m [2026-05-01 16:03:00] strategy 目录: 0 个文件
[1;33m[INFO][0m [2026-05-01 16:03:00] 总计: 0 个研报文件
0 个研报文件
[1;33m[INFO][0m [2026-05-01 16:03:00] 请将新研报放入对应目录后手动触发同步
[2026-05-01 16:03:00] ==========================================
