==========================================
A5L Tier 1 Core Backup - 20260504_000631
==========================================
✅ SOUL.md backed up (17038 bytes)
✅ SKILL_REGISTRY.json backed up (21664 bytes)
✅ MEMORY.md backed up (11931 bytes)
✅ GOAL/ backed up (8.0K)
📦 Total backup size: 124K
🔐 Integrity hash generated
🧹 Cleaning backups older than 30 days...
==========================================
✅ Tier 1 Core Backup Completed
==========================================
==========================================
A5L Tier 2 KG Backup - 20260504_000631
==========================================
✅ knowledge_graph.db backed up
✅ KG code backed up
✅ Reports backed up
📋 Manifest generated
📦 Total backup size: 264K
🧹 Cleaning backups older than 14 days...
==========================================
✅ Tier 2 KG Backup Completed
==========================================
