==========================================
A5L Tier 1 Core Backup - 20260503_230901
==========================================
✅ SOUL.md backed up (17038 bytes)
✅ SKILL_REGISTRY.json backed up (21664 bytes)
✅ MEMORY.md backed up (10241 bytes)
⚠️ GOAL/ not found
📦 Total backup size: 60K
🔐 Integrity hash generated
🧹 Cleaning backups older than 30 days...
==========================================
✅ Tier 1 Core Backup Completed
==========================================
==========================================
A5L Tier 2 KG Backup - 20260503_230905
==========================================
✅ knowledge_graph.db backed up
✅ KG code backed up
✅ Reports backed up
📋 Manifest generated
📦 Total backup size: 132K
🧹 Cleaning backups older than 14 days...
==========================================
✅ Tier 2 KG Backup Completed
==========================================
[23:10:31] 
==================================================
[23:10:31] A5L Smart Backup System v1.0
[23:10:31] Backup Time: 2026-05-03 23:10:31
[23:10:31] ==================================================
[23:10:31] ==================================================
[23:10:31] Tier 1 Core Backup Starting...
[23:10:31] ✅ SOUL.md backed up (17038 bytes)
[23:10:31] ✅ SKILL_REGISTRY.json backed up (21664 bytes)
[23:10:31] ✅ MEMORY.md backed up (10241 bytes)
[23:10:31] 🔐 Integrity hash generated for tier1
[23:10:31] 📦 Tier 1 backup completed
[23:10:31] ==================================================
[23:10:31] Tier 2 KG Backup Starting...
[23:10:31] ✅ knowledge_graph.db backed up
[23:10:31] ✅ KG code backed up
[23:10:31] ✅ KG snapshot saved (69 entities)
[23:10:31] 📦 Tier 2 backup completed
[23:10:31] ==================================================
[23:10:31] Cleaning up old backups...
[23:10:31] ✅ Cleanup completed
[23:10:31] 📄 Backup report generated: /workspace/projects/workspace/reports/backup_report_2026-05-03.md
[23:10:31] ==================================================
[23:10:31] ✅ Full backup completed successfully!
[23:10:31] ==================================================
